20:26:55:475  INFO 18832 --- [main] com.hmall.pay.PayApplication             : Starting PayApplication using Java 11.0.26 on achildm with PID 18832 (D:\BaiduNetdiskDownload\SpringCloud微服务—资料\day02-Docker\资料\hmall\pay-service\target\classes started by 83752 in D:\BaiduNetdiskDownload\SpringCloud微服务—资料\day02-Docker\资料\hmall)
20:26:55:480 DEBUG 18832 --- [main] com.hmall.pay.PayApplication             : Running with Spring Boot v2.7.12, Spring v5.3.27
20:26:55:482  INFO 18832 --- [main] com.hmall.pay.PayApplication             : The following 1 profile is active: "local"
20:26:56:537  INFO 18832 --- [main] o.s.cloud.context.scope.GenericScope     : BeanFactory id=8c088ab3-1ad9-3e04-a378-c22c30160caa
20:26:56:890  INFO 18832 --- [main] o.s.b.w.embedded.tomcat.TomcatWebServer  : Tomcat initialized with port(s): 8086 (http)
20:26:56:902  INFO 18832 --- [main] o.apache.catalina.core.StandardService   : Starting service [Tomcat]
20:26:56:902  INFO 18832 --- [main] org.apache.catalina.core.StandardEngine  : Starting Servlet engine: [Apache Tomcat/9.0.75]
20:26:57:114  INFO 18832 --- [main] o.a.c.c.C.[Tomcat].[localhost].[/]       : Initializing Spring embedded WebApplicationContext
20:26:57:114  INFO 18832 --- [main] w.s.c.ServletWebServerApplicationContext : Root WebApplicationContext: initialization completed in 1590 ms
20:26:57:346  INFO 18832 --- [main] o.s.c.openfeign.FeignClientFactoryBean   : For 'user-service' URL not provided. Will try picking an instance via load-balancing.
20:26:57:467  INFO 18832 --- [main] o.s.c.openfeign.FeignClientFactoryBean   : For 'trade-service' URL not provided. Will try picking an instance via load-balancing.
20:27:00:433  INFO 18832 --- [main] pertySourcedRequestMappingHandlerMapping : Mapped URL path [/v2/api-docs] onto method [springfox.documentation.swagger2.web.Swagger2ControllerWebMvc#getDocumentation(String, HttpServletRequest)]
20:27:01:227  INFO 18832 --- [main] com.alibaba.nacos.common.remote.client   : [RpcClientFactory] create a new rpc client of 381e5aa3-b425-4132-9dda-4942400b4891
20:27:01:290  INFO 18832 --- [main] org.reflections.Reflections              : Reflections took 34 ms to scan 1 urls, producing 3 keys and 6 values 
20:27:01:321  INFO 18832 --- [main] org.reflections.Reflections              : Reflections took 7 ms to scan 1 urls, producing 4 keys and 9 values 
20:27:01:334  INFO 18832 --- [main] org.reflections.Reflections              : Reflections took 9 ms to scan 1 urls, producing 3 keys and 10 values 
20:27:01:337  WARN 18832 --- [main] org.reflections.Reflections              : given scan urls are empty. set urls in the configuration
20:27:01:345  INFO 18832 --- [main] org.reflections.Reflections              : Reflections took 8 ms to scan 1 urls, producing 1 keys and 5 values 
20:27:01:357  INFO 18832 --- [main] org.reflections.Reflections              : Reflections took 10 ms to scan 1 urls, producing 1 keys and 7 values 
20:27:01:387  INFO 18832 --- [main] org.reflections.Reflections              : Reflections took 26 ms to scan 1 urls, producing 2 keys and 8 values 
20:27:01:389  WARN 18832 --- [main] org.reflections.Reflections              : given scan urls are empty. set urls in the configuration
20:27:01:390  INFO 18832 --- [main] com.alibaba.nacos.common.remote.client   : [381e5aa3-b425-4132-9dda-4942400b4891] RpcClient init label, labels = {module=naming, source=sdk}
20:27:01:393  INFO 18832 --- [main] com.alibaba.nacos.common.remote.client   : [381e5aa3-b425-4132-9dda-4942400b4891] RpcClient init, ServerListFactory = com.alibaba.nacos.client.naming.core.ServerListManager
20:27:01:393  INFO 18832 --- [main] com.alibaba.nacos.common.remote.client   : [381e5aa3-b425-4132-9dda-4942400b4891] Registry connection listener to current client:com.alibaba.nacos.client.naming.remote.gprc.redo.NamingGrpcRedoService
20:27:01:394  INFO 18832 --- [main] com.alibaba.nacos.common.remote.client   : [381e5aa3-b425-4132-9dda-4942400b4891] Register server push request handler:com.alibaba.nacos.client.naming.remote.gprc.NamingPushRequestHandler
20:27:01:423  INFO 18832 --- [main] com.alibaba.nacos.common.remote.client   : [381e5aa3-b425-4132-9dda-4942400b4891] Try to connect to server on start up, server: {serverIp = '192.168.88.130', server main port = 8848}
20:27:04:105  INFO 18832 --- [main] com.alibaba.nacos.common.remote.client   : [381e5aa3-b425-4132-9dda-4942400b4891] Success to connect to server [192.168.88.130:8848] on start up, connectionId = 1742299502761_192.168.88.1_31528
20:27:04:106  INFO 18832 --- [com.alibaba.nacos.client.remote.worker] com.alibaba.nacos.common.remote.client   : [381e5aa3-b425-4132-9dda-4942400b4891] Notify connected event to listeners.
20:27:04:107  INFO 18832 --- [main] com.alibaba.nacos.common.remote.client   : [381e5aa3-b425-4132-9dda-4942400b4891] Register server push request handler:com.alibaba.nacos.common.remote.client.RpcClient$ConnectResetRequestHandler
20:27:04:109  INFO 18832 --- [main] com.alibaba.nacos.common.remote.client   : [381e5aa3-b425-4132-9dda-4942400b4891] Register server push request handler:com.alibaba.nacos.common.remote.client.RpcClient$$Lambda$1071/0x0000000800785840
20:27:04:210  INFO 18832 --- [main] o.s.b.w.embedded.tomcat.TomcatWebServer  : Tomcat started on port(s): 8086 (http) with context path ''
20:27:04:233  INFO 18832 --- [main] c.a.c.n.registry.NacosServiceRegistry    : nacos registry, DEFAULT_GROUP pay-service 192.168.43.166:8086 register finished
20:27:04:682  INFO 18832 --- [main] d.s.w.p.DocumentationPluginsBootstrapper : Documentation plugins bootstrapped
20:27:04:685  INFO 18832 --- [main] d.s.w.p.DocumentationPluginsBootstrapper : Found 1 custom documentation plugin(s)
20:27:04:705  INFO 18832 --- [nacos-grpc-client-executor-8] com.alibaba.nacos.common.remote.client   : [381e5aa3-b425-4132-9dda-4942400b4891] Receive server push request, request = NotifySubscriberRequest, requestId = 7
20:27:04:708  INFO 18832 --- [main] s.d.s.w.s.ApiListingReferenceScanner     : Scanning for api listing references
20:27:04:717  INFO 18832 --- [nacos-grpc-client-executor-8] com.alibaba.nacos.common.remote.client   : [381e5aa3-b425-4132-9dda-4942400b4891] Ack server push request, request = NotifySubscriberRequest, requestId = 7
20:27:04:801  INFO 18832 --- [main] com.hmall.pay.PayApplication             : Started PayApplication in 10.383 seconds (JVM running for 11.465)
20:29:25:984  INFO 18832 --- [http-nio-8086-exec-1] o.a.c.c.C.[Tomcat].[localhost].[/]       : Initializing Spring DispatcherServlet 'dispatcherServlet'
20:29:25:984  INFO 18832 --- [http-nio-8086-exec-1] o.s.web.servlet.DispatcherServlet        : Initializing Servlet 'dispatcherServlet'
20:29:25:987  INFO 18832 --- [http-nio-8086-exec-1] o.s.web.servlet.DispatcherServlet        : Completed initialization in 3 ms
20:29:26:146  INFO 18832 --- [http-nio-8086-exec-1] com.zaxxer.hikari.HikariDataSource       : HikariPool-1 - Starting...
20:29:26:358  INFO 18832 --- [http-nio-8086-exec-1] com.zaxxer.hikari.HikariDataSource       : HikariPool-1 - Start completed.
20:29:26:362 DEBUG 18832 --- [http-nio-8086-exec-1] c.h.pay.mapper.PayOrderMapper.selectOne  : ==>  Preparing: SELECT id,biz_order_no,pay_order_no,biz_user_id,pay_channel_code,amount,pay_type,status,expand_json,result_code,result_msg,pay_success_time,pay_over_time,qr_code_url,create_time,update_time,creater,updater,is_delete FROM pay_order WHERE (biz_order_no = ?)
20:29:26:384 DEBUG 18832 --- [http-nio-8086-exec-1] c.h.pay.mapper.PayOrderMapper.selectOne  : ==> Parameters: 1901283064973414402(Long)
20:29:26:416 DEBUG 18832 --- [http-nio-8086-exec-1] c.h.pay.mapper.PayOrderMapper.selectOne  : <==      Total: 1
20:29:26:438 ERROR 18832 --- [http-nio-8086-exec-1] o.a.c.c.C.[.[.[/].[dispatcherServlet]    : Servlet.service() for servlet [dispatcherServlet] in context with path [] threw exception [Request processing failed; nested exception is com.hmall.common.exception.BizIllegalException: 订单已经支付！] with root cause

com.hmall.common.exception.BizIllegalException: 订单已经支付！
	at com.hmall.pay.service.impl.PayOrderServiceImpl.checkIdempotent(PayOrderServiceImpl.java:104) ~[classes/:na]
	at com.hmall.pay.service.impl.PayOrderServiceImpl.applyPayOrder(PayOrderServiceImpl.java:47) ~[classes/:na]
	at com.hmall.pay.service.impl.PayOrderServiceImpl$$FastClassBySpringCGLIB$$b2062e7f.invoke(<generated>) ~[classes/:na]
	at org.springframework.cglib.proxy.MethodProxy.invoke(MethodProxy.java:218) ~[spring-core-5.3.27.jar:5.3.27]
	at org.springframework.aop.framework.CglibAopProxy.invokeMethod(CglibAopProxy.java:386) ~[spring-aop-5.3.27.jar:5.3.27]
	at org.springframework.aop.framework.CglibAopProxy.access$000(CglibAopProxy.java:85) ~[spring-aop-5.3.27.jar:5.3.27]
	at org.springframework.aop.framework.CglibAopProxy$DynamicAdvisedInterceptor.intercept(CglibAopProxy.java:704) ~[spring-aop-5.3.27.jar:5.3.27]
	at com.hmall.pay.service.impl.PayOrderServiceImpl$$EnhancerBySpringCGLIB$$2627a426.applyPayOrder(<generated>) ~[classes/:na]
	at com.hmall.pay.controller.PayController.applyPayOrder(PayController.java:41) ~[classes/:na]
	at java.base/jdk.internal.reflect.NativeMethodAccessorImpl.invoke0(Native Method) ~[na:na]
	at java.base/jdk.internal.reflect.NativeMethodAccessorImpl.invoke(NativeMethodAccessorImpl.java:62) ~[na:na]
	at java.base/jdk.internal.reflect.DelegatingMethodAccessorImpl.invoke(DelegatingMethodAccessorImpl.java:43) ~[na:na]
	at java.base/java.lang.reflect.Method.invoke(Method.java:566) ~[na:na]
	at org.springframework.web.method.support.InvocableHandlerMethod.doInvoke(InvocableHandlerMethod.java:205) ~[spring-web-5.3.27.jar:5.3.27]
	at org.springframework.web.method.support.InvocableHandlerMethod.invokeForRequest(InvocableHandlerMethod.java:150) ~[spring-web-5.3.27.jar:5.3.27]
	at org.springframework.web.servlet.mvc.method.annotation.ServletInvocableHandlerMethod.invokeAndHandle(ServletInvocableHandlerMethod.java:117) ~[spring-webmvc-5.3.27.jar:5.3.27]
	at org.springframework.web.servlet.mvc.method.annotation.RequestMappingHandlerAdapter.invokeHandlerMethod(RequestMappingHandlerAdapter.java:895) ~[spring-webmvc-5.3.27.jar:5.3.27]
	at org.springframework.web.servlet.mvc.method.annotation.RequestMappingHandlerAdapter.handleInternal(RequestMappingHandlerAdapter.java:808) ~[spring-webmvc-5.3.27.jar:5.3.27]
	at org.springframework.web.servlet.mvc.method.AbstractHandlerMethodAdapter.handle(AbstractHandlerMethodAdapter.java:87) ~[spring-webmvc-5.3.27.jar:5.3.27]
	at org.springframework.web.servlet.DispatcherServlet.doDispatch(DispatcherServlet.java:1072) ~[spring-webmvc-5.3.27.jar:5.3.27]
	at org.springframework.web.servlet.DispatcherServlet.doService(DispatcherServlet.java:965) ~[spring-webmvc-5.3.27.jar:5.3.27]
	at org.springframework.web.servlet.FrameworkServlet.processRequest(FrameworkServlet.java:1006) ~[spring-webmvc-5.3.27.jar:5.3.27]
	at org.springframework.web.servlet.FrameworkServlet.doPost(FrameworkServlet.java:909) ~[spring-webmvc-5.3.27.jar:5.3.27]
	at javax.servlet.http.HttpServlet.service(HttpServlet.java:555) ~[tomcat-embed-core-9.0.75.jar:4.0.FR]
	at org.springframework.web.servlet.FrameworkServlet.service(FrameworkServlet.java:883) ~[spring-webmvc-5.3.27.jar:5.3.27]
	at javax.servlet.http.HttpServlet.service(HttpServlet.java:623) ~[tomcat-embed-core-9.0.75.jar:4.0.FR]
	at org.apache.catalina.core.ApplicationFilterChain.internalDoFilter(ApplicationFilterChain.java:209) ~[tomcat-embed-core-9.0.75.jar:9.0.75]
	at org.apache.catalina.core.ApplicationFilterChain.doFilter(ApplicationFilterChain.java:153) ~[tomcat-embed-core-9.0.75.jar:9.0.75]
	at org.apache.tomcat.websocket.server.WsFilter.doFilter(WsFilter.java:51) ~[tomcat-embed-websocket-9.0.75.jar:9.0.75]
	at org.apache.catalina.core.ApplicationFilterChain.internalDoFilter(ApplicationFilterChain.java:178) ~[tomcat-embed-core-9.0.75.jar:9.0.75]
	at org.apache.catalina.core.ApplicationFilterChain.doFilter(ApplicationFilterChain.java:153) ~[tomcat-embed-core-9.0.75.jar:9.0.75]
	at org.springframework.web.filter.RequestContextFilter.doFilterInternal(RequestContextFilter.java:100) ~[spring-web-5.3.27.jar:5.3.27]
	at org.springframework.web.filter.OncePerRequestFilter.doFilter(OncePerRequestFilter.java:117) ~[spring-web-5.3.27.jar:5.3.27]
	at org.apache.catalina.core.ApplicationFilterChain.internalDoFilter(ApplicationFilterChain.java:178) ~[tomcat-embed-core-9.0.75.jar:9.0.75]
	at org.apache.catalina.core.ApplicationFilterChain.doFilter(ApplicationFilterChain.java:153) ~[tomcat-embed-core-9.0.75.jar:9.0.75]
	at org.springframework.web.filter.FormContentFilter.doFilterInternal(FormContentFilter.java:93) ~[spring-web-5.3.27.jar:5.3.27]
	at org.springframework.web.filter.OncePerRequestFilter.doFilter(OncePerRequestFilter.java:117) ~[spring-web-5.3.27.jar:5.3.27]
	at org.apache.catalina.core.ApplicationFilterChain.internalDoFilter(ApplicationFilterChain.java:178) ~[tomcat-embed-core-9.0.75.jar:9.0.75]
	at org.apache.catalina.core.ApplicationFilterChain.doFilter(ApplicationFilterChain.java:153) ~[tomcat-embed-core-9.0.75.jar:9.0.75]
	at org.springframework.web.filter.CharacterEncodingFilter.doFilterInternal(CharacterEncodingFilter.java:201) ~[spring-web-5.3.27.jar:5.3.27]
	at org.springframework.web.filter.OncePerRequestFilter.doFilter(OncePerRequestFilter.java:117) ~[spring-web-5.3.27.jar:5.3.27]
	at org.apache.catalina.core.ApplicationFilterChain.internalDoFilter(ApplicationFilterChain.java:178) ~[tomcat-embed-core-9.0.75.jar:9.0.75]
	at org.apache.catalina.core.ApplicationFilterChain.doFilter(ApplicationFilterChain.java:153) ~[tomcat-embed-core-9.0.75.jar:9.0.75]
	at org.apache.catalina.core.StandardWrapperValve.invoke(StandardWrapperValve.java:167) ~[tomcat-embed-core-9.0.75.jar:9.0.75]
	at org.apache.catalina.core.StandardContextValve.invoke(StandardContextValve.java:90) ~[tomcat-embed-core-9.0.75.jar:9.0.75]
	at org.apache.catalina.authenticator.AuthenticatorBase.invoke(AuthenticatorBase.java:481) ~[tomcat-embed-core-9.0.75.jar:9.0.75]
	at org.apache.catalina.core.StandardHostValve.invoke(StandardHostValve.java:130) ~[tomcat-embed-core-9.0.75.jar:9.0.75]
	at org.apache.catalina.valves.ErrorReportValve.invoke(ErrorReportValve.java:93) ~[tomcat-embed-core-9.0.75.jar:9.0.75]
	at org.apache.catalina.core.StandardEngineValve.invoke(StandardEngineValve.java:74) ~[tomcat-embed-core-9.0.75.jar:9.0.75]
	at org.apache.catalina.connector.CoyoteAdapter.service(CoyoteAdapter.java:343) ~[tomcat-embed-core-9.0.75.jar:9.0.75]
	at org.apache.coyote.http11.Http11Processor.service(Http11Processor.java:390) ~[tomcat-embed-core-9.0.75.jar:9.0.75]
	at org.apache.coyote.AbstractProcessorLight.process(AbstractProcessorLight.java:63) ~[tomcat-embed-core-9.0.75.jar:9.0.75]
	at org.apache.coyote.AbstractProtocol$ConnectionHandler.process(AbstractProtocol.java:926) ~[tomcat-embed-core-9.0.75.jar:9.0.75]
	at org.apache.tomcat.util.net.NioEndpoint$SocketProcessor.doRun(NioEndpoint.java:1791) ~[tomcat-embed-core-9.0.75.jar:9.0.75]
	at org.apache.tomcat.util.net.SocketProcessorBase.run(SocketProcessorBase.java:52) ~[tomcat-embed-core-9.0.75.jar:9.0.75]
	at org.apache.tomcat.util.threads.ThreadPoolExecutor.runWorker(ThreadPoolExecutor.java:1191) ~[tomcat-embed-core-9.0.75.jar:9.0.75]
	at org.apache.tomcat.util.threads.ThreadPoolExecutor$Worker.run(ThreadPoolExecutor.java:659) ~[tomcat-embed-core-9.0.75.jar:9.0.75]
	at org.apache.tomcat.util.threads.TaskThread$WrappingRunnable.run(TaskThread.java:61) ~[tomcat-embed-core-9.0.75.jar:9.0.75]
	at java.base/java.lang.Thread.run(Thread.java:834) ~[na:na]

20:31:33:619 DEBUG 18832 --- [http-nio-8086-exec-2] c.h.pay.mapper.PayOrderMapper.selectOne  : ==>  Preparing: SELECT id,biz_order_no,pay_order_no,biz_user_id,pay_channel_code,amount,pay_type,status,expand_json,result_code,result_msg,pay_success_time,pay_over_time,qr_code_url,create_time,update_time,creater,updater,is_delete FROM pay_order WHERE (biz_order_no = ?)
20:31:33:619 DEBUG 18832 --- [http-nio-8086-exec-2] c.h.pay.mapper.PayOrderMapper.selectOne  : ==> Parameters: 1901974751202840578(Long)
20:31:33:621 DEBUG 18832 --- [http-nio-8086-exec-2] c.h.pay.mapper.PayOrderMapper.selectOne  : <==      Total: 0
20:31:33:680 DEBUG 18832 --- [http-nio-8086-exec-2] c.h.pay.mapper.PayOrderMapper.insert     : ==>  Preparing: INSERT INTO pay_order ( id, biz_order_no, pay_order_no, biz_user_id, pay_channel_code, amount, pay_type, status, pay_over_time ) VALUES ( ?, ?, ?, ?, ?, ?, ?, ?, ? )
20:31:33:684 DEBUG 18832 --- [http-nio-8086-exec-2] c.h.pay.mapper.PayOrderMapper.insert     : ==> Parameters: 1901974756860936195(Long), 1901974751202840578(Long), 1901974756860936194(Long), 1(Long), balance(String), 394400(Integer), 5(Integer), 1(Integer), 2025-03-18T22:31:33.673010900(LocalDateTime)
20:31:33:689 DEBUG 18832 --- [http-nio-8086-exec-2] c.h.pay.mapper.PayOrderMapper.insert     : <==    Updates: 1
20:31:43:523 DEBUG 18832 --- [http-nio-8086-exec-3] c.h.pay.mapper.PayOrderMapper.selectOne  : ==>  Preparing: SELECT id,biz_order_no,pay_order_no,biz_user_id,pay_channel_code,amount,pay_type,status,expand_json,result_code,result_msg,pay_success_time,pay_over_time,qr_code_url,create_time,update_time,creater,updater,is_delete FROM pay_order WHERE (biz_order_no = ?)
20:31:43:523 DEBUG 18832 --- [http-nio-8086-exec-3] c.h.pay.mapper.PayOrderMapper.selectOne  : ==> Parameters: 1901974751202840578(Long)
20:31:43:527 DEBUG 18832 --- [http-nio-8086-exec-3] c.h.pay.mapper.PayOrderMapper.selectOne  : <==      Total: 1
20:31:45:256 DEBUG 18832 --- [http-nio-8086-exec-4] c.h.p.mapper.PayOrderMapper.selectById   : ==>  Preparing: SELECT id,biz_order_no,pay_order_no,biz_user_id,pay_channel_code,amount,pay_type,status,expand_json,result_code,result_msg,pay_success_time,pay_over_time,qr_code_url,create_time,update_time,creater,updater,is_delete FROM pay_order WHERE id=?
20:31:45:256 DEBUG 18832 --- [http-nio-8086-exec-4] c.h.p.mapper.PayOrderMapper.selectById   : ==> Parameters: 1901974756860936195(Long)
20:31:45:260 DEBUG 18832 --- [http-nio-8086-exec-4] c.h.p.mapper.PayOrderMapper.selectById   : <==      Total: 1
20:31:45:267 DEBUG 18832 --- [http-nio-8086-exec-4] com.hmall.api.client.UserClient          : [UserClient#deductMoney] ---> PUT http://user-service/users/money/deduct?pw=123&amount=394400 HTTP/1.1
20:31:45:268 DEBUG 18832 --- [http-nio-8086-exec-4] com.hmall.api.client.UserClient          : [UserClient#deductMoney] user-info: 1
20:31:45:268 DEBUG 18832 --- [http-nio-8086-exec-4] com.hmall.api.client.UserClient          : [UserClient#deductMoney] ---> END HTTP (0-byte body)
20:31:45:661 DEBUG 18832 --- [http-nio-8086-exec-4] com.hmall.api.client.UserClient          : [UserClient#deductMoney] <--- HTTP/1.1 200 (392ms)
20:31:45:661 DEBUG 18832 --- [http-nio-8086-exec-4] com.hmall.api.client.UserClient          : [UserClient#deductMoney] connection: keep-alive
20:31:45:661 DEBUG 18832 --- [http-nio-8086-exec-4] com.hmall.api.client.UserClient          : [UserClient#deductMoney] content-length: 0
20:31:45:661 DEBUG 18832 --- [http-nio-8086-exec-4] com.hmall.api.client.UserClient          : [UserClient#deductMoney] date: Tue, 18 Mar 2025 12:31:45 GMT
20:31:45:661 DEBUG 18832 --- [http-nio-8086-exec-4] com.hmall.api.client.UserClient          : [UserClient#deductMoney] keep-alive: timeout=60
20:31:45:661 DEBUG 18832 --- [http-nio-8086-exec-4] com.hmall.api.client.UserClient          : [UserClient#deductMoney] 
20:31:45:661 DEBUG 18832 --- [http-nio-8086-exec-4] com.hmall.api.client.UserClient          : [UserClient#deductMoney] <--- END HTTP (0-byte body)
20:31:45:664 DEBUG 18832 --- [http-nio-8086-exec-4] c.h.pay.mapper.PayOrderMapper.update     : ==>  Preparing: UPDATE pay_order SET status=?,pay_success_time=? WHERE (id = ? AND status IN (?,?))
20:31:45:668 DEBUG 18832 --- [http-nio-8086-exec-4] c.h.pay.mapper.PayOrderMapper.update     : ==> Parameters: 3(Integer), 2025-03-18T20:31:45.662401200(LocalDateTime), 1901974756860936195(Long), 0(Integer), 1(Integer)
20:31:45:671 DEBUG 18832 --- [http-nio-8086-exec-4] c.h.pay.mapper.PayOrderMapper.update     : <==    Updates: 1
20:31:45:675  INFO 18832 --- [http-nio-8086-exec-4] o.s.a.r.c.CachingConnectionFactory       : Attempting to connect to: [192.168.88.130:5672]
20:31:45:720  INFO 18832 --- [http-nio-8086-exec-4] o.s.a.r.c.CachingConnectionFactory       : Created new connection: rabbitConnectionFactory#3c3e363:0/SimpleConnection@7b30c8fa [delegate=amqp://hmall@192.168.88.130:5672//hmall, localPort= 32374]
20:31:46:013  INFO 18832 --- [nacos-grpc-client-executor-71] com.alibaba.nacos.common.remote.client   : [381e5aa3-b425-4132-9dda-4942400b4891] Receive server push request, request = NotifySubscriberRequest, requestId = 23
20:31:46:020  INFO 18832 --- [nacos-grpc-client-executor-71] com.alibaba.nacos.common.remote.client   : [381e5aa3-b425-4132-9dda-4942400b4891] Ack server push request, request = NotifySubscriberRequest, requestId = 23
20:33:11:472  INFO 1332 --- [main] com.hmall.pay.PayApplication             : Starting PayApplication using Java 11.0.26 on achildm with PID 1332 (D:\BaiduNetdiskDownload\SpringCloud微服务—资料\day02-Docker\资料\hmall\pay-service\target\classes started by 83752 in D:\BaiduNetdiskDownload\SpringCloud微服务—资料\day02-Docker\资料\hmall)
20:33:11:475 DEBUG 1332 --- [main] com.hmall.pay.PayApplication             : Running with Spring Boot v2.7.12, Spring v5.3.27
20:33:11:476  INFO 1332 --- [main] com.hmall.pay.PayApplication             : The following 1 profile is active: "local"
20:33:13:059  INFO 1332 --- [main] o.s.cloud.context.scope.GenericScope     : BeanFactory id=8c088ab3-1ad9-3e04-a378-c22c30160caa
20:33:13:537  INFO 1332 --- [main] o.s.b.w.embedded.tomcat.TomcatWebServer  : Tomcat initialized with port(s): 8086 (http)
20:33:13:545  INFO 1332 --- [main] o.apache.catalina.core.StandardService   : Starting service [Tomcat]
20:33:13:546  INFO 1332 --- [main] org.apache.catalina.core.StandardEngine  : Starting Servlet engine: [Apache Tomcat/9.0.75]
20:33:13:724  INFO 1332 --- [main] o.a.c.c.C.[Tomcat].[localhost].[/]       : Initializing Spring embedded WebApplicationContext
20:33:13:724  INFO 1332 --- [main] w.s.c.ServletWebServerApplicationContext : Root WebApplicationContext: initialization completed in 2182 ms
20:33:14:029  INFO 1332 --- [main] o.s.c.openfeign.FeignClientFactoryBean   : For 'user-service' URL not provided. Will try picking an instance via load-balancing.
20:33:14:134  INFO 1332 --- [main] o.s.c.openfeign.FeignClientFactoryBean   : For 'trade-service' URL not provided. Will try picking an instance via load-balancing.
20:33:17:730  INFO 1332 --- [main] pertySourcedRequestMappingHandlerMapping : Mapped URL path [/v2/api-docs] onto method [springfox.documentation.swagger2.web.Swagger2ControllerWebMvc#getDocumentation(String, HttpServletRequest)]
20:33:18:960  INFO 1332 --- [main] com.alibaba.nacos.common.remote.client   : [RpcClientFactory] create a new rpc client of 0a848d99-ee9f-4bad-8d05-f6f2c5e7f099
20:33:19:012  INFO 1332 --- [main] org.reflections.Reflections              : Reflections took 29 ms to scan 1 urls, producing 3 keys and 6 values 
20:33:19:044  INFO 1332 --- [main] org.reflections.Reflections              : Reflections took 13 ms to scan 1 urls, producing 4 keys and 9 values 
20:33:19:054  INFO 1332 --- [main] org.reflections.Reflections              : Reflections took 6 ms to scan 1 urls, producing 3 keys and 10 values 
20:33:19:057  WARN 1332 --- [main] org.reflections.Reflections              : given scan urls are empty. set urls in the configuration
20:33:19:068  INFO 1332 --- [main] org.reflections.Reflections              : Reflections took 10 ms to scan 1 urls, producing 1 keys and 5 values 
20:33:19:080  INFO 1332 --- [main] org.reflections.Reflections              : Reflections took 9 ms to scan 1 urls, producing 1 keys and 7 values 
20:33:19:104  INFO 1332 --- [main] org.reflections.Reflections              : Reflections took 21 ms to scan 1 urls, producing 2 keys and 8 values 
20:33:19:107  WARN 1332 --- [main] org.reflections.Reflections              : given scan urls are empty. set urls in the configuration
20:33:19:108  INFO 1332 --- [main] com.alibaba.nacos.common.remote.client   : [0a848d99-ee9f-4bad-8d05-f6f2c5e7f099] RpcClient init label, labels = {module=naming, source=sdk}
20:33:19:110  INFO 1332 --- [main] com.alibaba.nacos.common.remote.client   : [0a848d99-ee9f-4bad-8d05-f6f2c5e7f099] RpcClient init, ServerListFactory = com.alibaba.nacos.client.naming.core.ServerListManager
20:33:19:110  INFO 1332 --- [main] com.alibaba.nacos.common.remote.client   : [0a848d99-ee9f-4bad-8d05-f6f2c5e7f099] Registry connection listener to current client:com.alibaba.nacos.client.naming.remote.gprc.redo.NamingGrpcRedoService
20:33:19:111  INFO 1332 --- [main] com.alibaba.nacos.common.remote.client   : [0a848d99-ee9f-4bad-8d05-f6f2c5e7f099] Register server push request handler:com.alibaba.nacos.client.naming.remote.gprc.NamingPushRequestHandler
20:33:19:114  INFO 1332 --- [main] com.alibaba.nacos.common.remote.client   : [0a848d99-ee9f-4bad-8d05-f6f2c5e7f099] Try to connect to server on start up, server: {serverIp = '192.168.88.130', server main port = 8848}
20:33:21:272  INFO 1332 --- [main] com.alibaba.nacos.common.remote.client   : [0a848d99-ee9f-4bad-8d05-f6f2c5e7f099] Success to connect to server [192.168.88.130:8848] on start up, connectionId = 1742299879951_192.168.88.1_33277
20:33:21:272  INFO 1332 --- [com.alibaba.nacos.client.remote.worker] com.alibaba.nacos.common.remote.client   : [0a848d99-ee9f-4bad-8d05-f6f2c5e7f099] Notify connected event to listeners.
20:33:21:273  INFO 1332 --- [main] com.alibaba.nacos.common.remote.client   : [0a848d99-ee9f-4bad-8d05-f6f2c5e7f099] Register server push request handler:com.alibaba.nacos.common.remote.client.RpcClient$ConnectResetRequestHandler
20:33:21:275  INFO 1332 --- [main] com.alibaba.nacos.common.remote.client   : [0a848d99-ee9f-4bad-8d05-f6f2c5e7f099] Register server push request handler:com.alibaba.nacos.common.remote.client.RpcClient$$Lambda$1071/0x0000000800756040
20:33:21:326  WARN 1332 --- [main] ConfigServletWebServerApplicationContext : Exception encountered during context initialization - cancelling refresh attempt: org.springframework.context.ApplicationContextException: Failed to start bean 'webServerStartStop'; nested exception is org.springframework.boot.web.server.PortInUseException: Port 8086 is already in use
20:33:21:835  INFO 1332 --- [nacos-grpc-client-executor-6] com.alibaba.nacos.common.remote.client   : [0a848d99-ee9f-4bad-8d05-f6f2c5e7f099] Receive server push request, request = NotifySubscriberRequest, requestId = 30
20:33:21:844  INFO 1332 --- [nacos-grpc-client-executor-6] com.alibaba.nacos.common.remote.client   : [0a848d99-ee9f-4bad-8d05-f6f2c5e7f099] Ack server push request, request = NotifySubscriberRequest, requestId = 30
20:33:21:996  INFO 1332 --- [main] com.alibaba.nacos.common.remote.client   : Shutdown rpc client, set status to shutdown
20:33:21:997  INFO 1332 --- [main] com.alibaba.nacos.common.remote.client   : Shutdown client event executor java.util.concurrent.ScheduledThreadPoolExecutor@54b96813[Running, pool size = 2, active threads = 2, queued tasks = 0, completed tasks = 0]
20:33:21:998  INFO 1332 --- [main] com.alibaba.nacos.common.remote.client   : Close current connection 1742299879951_192.168.88.1_33277
20:33:22:012  INFO 1332 --- [nacos-grpc-client-executor-7] c.a.n.c.remote.client.grpc.GrpcClient    : [1742299879951_192.168.88.1_33277]Ignore complete event,isRunning:false,isAbandon=false
20:33:22:019  INFO 1332 --- [main] c.a.n.c.remote.client.grpc.GrpcClient    : Shutdown grpc executor java.util.concurrent.ThreadPoolExecutor@29d81c22[Running, pool size = 8, active threads = 0, queued tasks = 0, completed tasks = 8]
20:33:22:031  INFO 1332 --- [main] com.alibaba.nacos.common.remote.client   : [RpcClientFactory] create a new rpc client of c68461b6-d13a-4bcc-ac06-1d5615c32930
20:33:22:032  INFO 1332 --- [main] com.alibaba.nacos.common.remote.client   : [c68461b6-d13a-4bcc-ac06-1d5615c32930] RpcClient init label, labels = {module=naming, source=sdk}
20:33:22:032  INFO 1332 --- [main] com.alibaba.nacos.common.remote.client   : [c68461b6-d13a-4bcc-ac06-1d5615c32930] RpcClient init, ServerListFactory = com.alibaba.nacos.client.naming.core.ServerListManager
20:33:22:032  INFO 1332 --- [main] com.alibaba.nacos.common.remote.client   : [c68461b6-d13a-4bcc-ac06-1d5615c32930] Registry connection listener to current client:com.alibaba.nacos.client.naming.remote.gprc.redo.NamingGrpcRedoService
20:33:22:033  INFO 1332 --- [main] com.alibaba.nacos.common.remote.client   : [c68461b6-d13a-4bcc-ac06-1d5615c32930] Register server push request handler:com.alibaba.nacos.client.naming.remote.gprc.NamingPushRequestHandler
20:33:22:033  INFO 1332 --- [main] com.alibaba.nacos.common.remote.client   : [c68461b6-d13a-4bcc-ac06-1d5615c32930] Try to connect to server on start up, server: {serverIp = '192.168.88.130', server main port = 8848}
20:33:22:160  INFO 1332 --- [main] com.alibaba.nacos.common.remote.client   : [c68461b6-d13a-4bcc-ac06-1d5615c32930] Success to connect to server [192.168.88.130:8848] on start up, connectionId = 1742299880930_192.168.88.1_33290
20:33:22:160  INFO 1332 --- [main] com.alibaba.nacos.common.remote.client   : [c68461b6-d13a-4bcc-ac06-1d5615c32930] Register server push request handler:com.alibaba.nacos.common.remote.client.RpcClient$ConnectResetRequestHandler
20:33:22:160  INFO 1332 --- [main] com.alibaba.nacos.common.remote.client   : [c68461b6-d13a-4bcc-ac06-1d5615c32930] Register server push request handler:com.alibaba.nacos.common.remote.client.RpcClient$$Lambda$1071/0x0000000800756040
20:33:22:160  INFO 1332 --- [com.alibaba.nacos.client.remote.worker] com.alibaba.nacos.common.remote.client   : [c68461b6-d13a-4bcc-ac06-1d5615c32930] Notify connected event to listeners.
20:33:22:174  INFO 1332 --- [main] o.apache.catalina.core.StandardService   : Stopping service [Tomcat]
20:33:22:184  INFO 1332 --- [main] ConditionEvaluationReportLoggingListener : 

Error starting ApplicationContext. To display the conditions report re-run your application with 'debug' enabled.
20:33:22:199 ERROR 1332 --- [main] o.s.b.d.LoggingFailureAnalysisReporter   : 

***************************
APPLICATION FAILED TO START
***************************

Description:

Web server failed to start. Port 8086 was already in use.

Action:

Identify and stop the process that's listening on port 8086 or configure this application to listen on another port.

20:33:22:201  WARN 1332 --- [Thread-4] c.a.nacos.common.notify.NotifyCenter     : [NotifyCenter] Start destroying Publisher
20:33:22:201  WARN 1332 --- [Thread-4] c.a.nacos.common.notify.NotifyCenter     : [NotifyCenter] Destruction of the end
20:33:22:201  WARN 1332 --- [Thread-7] c.a.n.common.http.HttpClientBeanHolder   : [HttpClientBeanHolder] Start destroying common HttpClient
20:33:22:202  WARN 1332 --- [Thread-7] c.a.n.common.http.HttpClientBeanHolder   : [HttpClientBeanHolder] Destruction of the end
20:33:54:196  INFO 26344 --- [main] com.hmall.pay.PayApplication             : Starting PayApplication using Java 11.0.26 on achildm with PID 26344 (D:\BaiduNetdiskDownload\SpringCloud微服务—资料\day02-Docker\资料\hmall\pay-service\target\classes started by 83752 in D:\BaiduNetdiskDownload\SpringCloud微服务—资料\day02-Docker\资料\hmall)
20:33:54:198 DEBUG 26344 --- [main] com.hmall.pay.PayApplication             : Running with Spring Boot v2.7.12, Spring v5.3.27
20:33:54:198  INFO 26344 --- [main] com.hmall.pay.PayApplication             : The following 1 profile is active: "local"
20:33:55:147  INFO 26344 --- [main] o.s.cloud.context.scope.GenericScope     : BeanFactory id=8c088ab3-1ad9-3e04-a378-c22c30160caa
20:33:55:627  INFO 26344 --- [main] o.s.b.w.embedded.tomcat.TomcatWebServer  : Tomcat initialized with port(s): 8086 (http)
20:33:55:639  INFO 26344 --- [main] o.apache.catalina.core.StandardService   : Starting service [Tomcat]
20:33:55:639  INFO 26344 --- [main] org.apache.catalina.core.StandardEngine  : Starting Servlet engine: [Apache Tomcat/9.0.75]
20:33:55:802  INFO 26344 --- [main] o.a.c.c.C.[Tomcat].[localhost].[/]       : Initializing Spring embedded WebApplicationContext
20:33:55:802  INFO 26344 --- [main] w.s.c.ServletWebServerApplicationContext : Root WebApplicationContext: initialization completed in 1567 ms
20:33:56:055  INFO 26344 --- [main] o.s.c.openfeign.FeignClientFactoryBean   : For 'user-service' URL not provided. Will try picking an instance via load-balancing.
20:33:56:125  INFO 26344 --- [main] o.s.c.openfeign.FeignClientFactoryBean   : For 'trade-service' URL not provided. Will try picking an instance via load-balancing.
20:33:59:302  INFO 26344 --- [main] pertySourcedRequestMappingHandlerMapping : Mapped URL path [/v2/api-docs] onto method [springfox.documentation.swagger2.web.Swagger2ControllerWebMvc#getDocumentation(String, HttpServletRequest)]
20:34:00:388  INFO 26344 --- [main] com.alibaba.nacos.common.remote.client   : [RpcClientFactory] create a new rpc client of 7b4ae5cf-28b2-4b54-a155-deea5b1667d2
20:34:00:440  INFO 26344 --- [main] org.reflections.Reflections              : Reflections took 29 ms to scan 1 urls, producing 3 keys and 6 values 
20:34:00:468  INFO 26344 --- [main] org.reflections.Reflections              : Reflections took 12 ms to scan 1 urls, producing 4 keys and 9 values 
20:34:00:480  INFO 26344 --- [main] org.reflections.Reflections              : Reflections took 9 ms to scan 1 urls, producing 3 keys and 10 values 
20:34:00:483  WARN 26344 --- [main] org.reflections.Reflections              : given scan urls are empty. set urls in the configuration
20:34:00:495  INFO 26344 --- [main] org.reflections.Reflections              : Reflections took 11 ms to scan 1 urls, producing 1 keys and 5 values 
20:34:00:506  INFO 26344 --- [main] org.reflections.Reflections              : Reflections took 9 ms to scan 1 urls, producing 1 keys and 7 values 
20:34:00:518  INFO 26344 --- [main] org.reflections.Reflections              : Reflections took 9 ms to scan 1 urls, producing 2 keys and 8 values 
20:34:00:520  WARN 26344 --- [main] org.reflections.Reflections              : given scan urls are empty. set urls in the configuration
20:34:00:521  INFO 26344 --- [main] com.alibaba.nacos.common.remote.client   : [7b4ae5cf-28b2-4b54-a155-deea5b1667d2] RpcClient init label, labels = {module=naming, source=sdk}
20:34:00:523  INFO 26344 --- [main] com.alibaba.nacos.common.remote.client   : [7b4ae5cf-28b2-4b54-a155-deea5b1667d2] RpcClient init, ServerListFactory = com.alibaba.nacos.client.naming.core.ServerListManager
20:34:00:523  INFO 26344 --- [main] com.alibaba.nacos.common.remote.client   : [7b4ae5cf-28b2-4b54-a155-deea5b1667d2] Registry connection listener to current client:com.alibaba.nacos.client.naming.remote.gprc.redo.NamingGrpcRedoService
20:34:00:524  INFO 26344 --- [main] com.alibaba.nacos.common.remote.client   : [7b4ae5cf-28b2-4b54-a155-deea5b1667d2] Register server push request handler:com.alibaba.nacos.client.naming.remote.gprc.NamingPushRequestHandler
20:34:00:526  INFO 26344 --- [main] com.alibaba.nacos.common.remote.client   : [7b4ae5cf-28b2-4b54-a155-deea5b1667d2] Try to connect to server on start up, server: {serverIp = '192.168.88.130', server main port = 8848}
20:34:02:655  INFO 26344 --- [main] com.alibaba.nacos.common.remote.client   : [7b4ae5cf-28b2-4b54-a155-deea5b1667d2] Success to connect to server [192.168.88.130:8848] on start up, connectionId = 1742299921322_192.168.88.1_33946
20:34:02:658  INFO 26344 --- [main] com.alibaba.nacos.common.remote.client   : [7b4ae5cf-28b2-4b54-a155-deea5b1667d2] Register server push request handler:com.alibaba.nacos.common.remote.client.RpcClient$ConnectResetRequestHandler
20:34:02:657  INFO 26344 --- [com.alibaba.nacos.client.remote.worker] com.alibaba.nacos.common.remote.client   : [7b4ae5cf-28b2-4b54-a155-deea5b1667d2] Notify connected event to listeners.
20:34:02:660  INFO 26344 --- [main] com.alibaba.nacos.common.remote.client   : [7b4ae5cf-28b2-4b54-a155-deea5b1667d2] Register server push request handler:com.alibaba.nacos.common.remote.client.RpcClient$$Lambda$1071/0x0000000800785840
20:34:02:781  WARN 26344 --- [main] ConfigServletWebServerApplicationContext : Exception encountered during context initialization - cancelling refresh attempt: org.springframework.context.ApplicationContextException: Failed to start bean 'webServerStartStop'; nested exception is org.springframework.boot.web.server.PortInUseException: Port 8086 is already in use
20:34:03:238  INFO 26344 --- [nacos-grpc-client-executor-6] com.alibaba.nacos.common.remote.client   : [7b4ae5cf-28b2-4b54-a155-deea5b1667d2] Receive server push request, request = NotifySubscriberRequest, requestId = 37
20:34:03:303  INFO 26344 --- [nacos-grpc-client-executor-6] com.alibaba.nacos.common.remote.client   : [7b4ae5cf-28b2-4b54-a155-deea5b1667d2] Ack server push request, request = NotifySubscriberRequest, requestId = 37
20:34:03:436  INFO 26344 --- [main] com.alibaba.nacos.common.remote.client   : Shutdown rpc client, set status to shutdown
20:34:03:436  INFO 26344 --- [main] com.alibaba.nacos.common.remote.client   : Shutdown client event executor java.util.concurrent.ScheduledThreadPoolExecutor@204a02a4[Running, pool size = 2, active threads = 2, queued tasks = 0, completed tasks = 0]
20:34:03:436  INFO 26344 --- [main] com.alibaba.nacos.common.remote.client   : Close current connection 1742299921322_192.168.88.1_33946
20:34:03:439  INFO 26344 --- [nacos-grpc-client-executor-7] c.a.n.c.remote.client.grpc.GrpcClient    : [1742299921322_192.168.88.1_33946]Ignore complete event,isRunning:false,isAbandon=false
20:34:03:449  INFO 26344 --- [main] c.a.n.c.remote.client.grpc.GrpcClient    : Shutdown grpc executor java.util.concurrent.ThreadPoolExecutor@591ba330[Running, pool size = 8, active threads = 0, queued tasks = 0, completed tasks = 8]
20:34:03:469  INFO 26344 --- [main] com.alibaba.nacos.common.remote.client   : [RpcClientFactory] create a new rpc client of 753f3897-33d3-478e-a906-ec5e8e1b7636
20:34:03:470  INFO 26344 --- [main] com.alibaba.nacos.common.remote.client   : [753f3897-33d3-478e-a906-ec5e8e1b7636] RpcClient init label, labels = {module=naming, source=sdk}
20:34:03:472  INFO 26344 --- [main] com.alibaba.nacos.common.remote.client   : [753f3897-33d3-478e-a906-ec5e8e1b7636] RpcClient init, ServerListFactory = com.alibaba.nacos.client.naming.core.ServerListManager
20:34:03:472  INFO 26344 --- [main] com.alibaba.nacos.common.remote.client   : [753f3897-33d3-478e-a906-ec5e8e1b7636] Registry connection listener to current client:com.alibaba.nacos.client.naming.remote.gprc.redo.NamingGrpcRedoService
20:34:03:473  INFO 26344 --- [main] com.alibaba.nacos.common.remote.client   : [753f3897-33d3-478e-a906-ec5e8e1b7636] Register server push request handler:com.alibaba.nacos.client.naming.remote.gprc.NamingPushRequestHandler
20:34:03:474  INFO 26344 --- [main] com.alibaba.nacos.common.remote.client   : [753f3897-33d3-478e-a906-ec5e8e1b7636] Try to connect to server on start up, server: {serverIp = '192.168.88.130', server main port = 8848}
20:34:03:621  INFO 26344 --- [main] com.alibaba.nacos.common.remote.client   : [753f3897-33d3-478e-a906-ec5e8e1b7636] Success to connect to server [192.168.88.130:8848] on start up, connectionId = 1742299922370_192.168.88.1_33955
20:34:03:621  INFO 26344 --- [main] com.alibaba.nacos.common.remote.client   : [753f3897-33d3-478e-a906-ec5e8e1b7636] Register server push request handler:com.alibaba.nacos.common.remote.client.RpcClient$ConnectResetRequestHandler
20:34:03:621  INFO 26344 --- [com.alibaba.nacos.client.remote.worker] com.alibaba.nacos.common.remote.client   : [753f3897-33d3-478e-a906-ec5e8e1b7636] Notify connected event to listeners.
20:34:03:621  INFO 26344 --- [main] com.alibaba.nacos.common.remote.client   : [753f3897-33d3-478e-a906-ec5e8e1b7636] Register server push request handler:com.alibaba.nacos.common.remote.client.RpcClient$$Lambda$1071/0x0000000800785840
20:34:03:637  INFO 26344 --- [main] o.apache.catalina.core.StandardService   : Stopping service [Tomcat]
20:34:03:654  INFO 26344 --- [main] ConditionEvaluationReportLoggingListener : 

Error starting ApplicationContext. To display the conditions report re-run your application with 'debug' enabled.
20:34:03:678 ERROR 26344 --- [main] o.s.b.d.LoggingFailureAnalysisReporter   : 

***************************
APPLICATION FAILED TO START
***************************

Description:

Web server failed to start. Port 8086 was already in use.

Action:

Identify and stop the process that's listening on port 8086 or configure this application to listen on another port.

20:34:03:679  WARN 26344 --- [Thread-4] c.a.nacos.common.notify.NotifyCenter     : [NotifyCenter] Start destroying Publisher
20:34:03:680  WARN 26344 --- [Thread-7] c.a.n.common.http.HttpClientBeanHolder   : [HttpClientBeanHolder] Start destroying common HttpClient
20:34:03:680  WARN 26344 --- [Thread-4] c.a.nacos.common.notify.NotifyCenter     : [NotifyCenter] Destruction of the end
20:34:03:680  WARN 26344 --- [Thread-7] c.a.n.common.http.HttpClientBeanHolder   : [HttpClientBeanHolder] Destruction of the end
20:35:58:096  INFO 18832 --- [nacos-grpc-client-executor-122] com.alibaba.nacos.common.remote.client   : [381e5aa3-b425-4132-9dda-4942400b4891] Receive server push request, request = NotifySubscriberRequest, requestId = 47
20:35:58:136  INFO 18832 --- [nacos-grpc-client-executor-122] com.alibaba.nacos.common.remote.client   : [381e5aa3-b425-4132-9dda-4942400b4891] Ack server push request, request = NotifySubscriberRequest, requestId = 47
20:36:41:232  INFO 24932 --- [main] com.hmall.pay.PayApplication             : Starting PayApplication using Java 11.0.26 on achildm with PID 24932 (D:\BaiduNetdiskDownload\SpringCloud微服务—资料\day02-Docker\资料\hmall\pay-service\target\classes started by 83752 in D:\BaiduNetdiskDownload\SpringCloud微服务—资料\day02-Docker\资料\hmall)
20:36:41:233 DEBUG 24932 --- [main] com.hmall.pay.PayApplication             : Running with Spring Boot v2.7.12, Spring v5.3.27
20:36:41:235  INFO 24932 --- [main] com.hmall.pay.PayApplication             : The following 1 profile is active: "local"
20:36:42:393  INFO 24932 --- [main] o.s.cloud.context.scope.GenericScope     : BeanFactory id=8c088ab3-1ad9-3e04-a378-c22c30160caa
20:36:42:759  INFO 24932 --- [main] o.s.b.w.embedded.tomcat.TomcatWebServer  : Tomcat initialized with port(s): 8086 (http)
20:36:42:770  INFO 24932 --- [main] o.apache.catalina.core.StandardService   : Starting service [Tomcat]
20:36:42:770  INFO 24932 --- [main] org.apache.catalina.core.StandardEngine  : Starting Servlet engine: [Apache Tomcat/9.0.75]
20:36:42:983  INFO 24932 --- [main] o.a.c.c.C.[Tomcat].[localhost].[/]       : Initializing Spring embedded WebApplicationContext
20:36:42:984  INFO 24932 --- [main] w.s.c.ServletWebServerApplicationContext : Root WebApplicationContext: initialization completed in 1711 ms
20:36:43:234  INFO 24932 --- [main] o.s.c.openfeign.FeignClientFactoryBean   : For 'user-service' URL not provided. Will try picking an instance via load-balancing.
20:36:43:337  INFO 24932 --- [main] o.s.c.openfeign.FeignClientFactoryBean   : For 'trade-service' URL not provided. Will try picking an instance via load-balancing.
20:36:46:444  INFO 24932 --- [main] pertySourcedRequestMappingHandlerMapping : Mapped URL path [/v2/api-docs] onto method [springfox.documentation.swagger2.web.Swagger2ControllerWebMvc#getDocumentation(String, HttpServletRequest)]
20:36:47:267  INFO 24932 --- [main] com.alibaba.nacos.common.remote.client   : [RpcClientFactory] create a new rpc client of fea754f4-b416-4b0b-b4b0-8a9ecfe409c3
20:36:47:305  INFO 24932 --- [main] org.reflections.Reflections              : Reflections took 25 ms to scan 1 urls, producing 3 keys and 6 values 
20:36:47:325  INFO 24932 --- [main] org.reflections.Reflections              : Reflections took 8 ms to scan 1 urls, producing 4 keys and 9 values 
20:36:47:336  INFO 24932 --- [main] org.reflections.Reflections              : Reflections took 10 ms to scan 1 urls, producing 3 keys and 10 values 
20:36:47:338  WARN 24932 --- [main] org.reflections.Reflections              : given scan urls are empty. set urls in the configuration
20:36:47:343  INFO 24932 --- [main] org.reflections.Reflections              : Reflections took 5 ms to scan 1 urls, producing 1 keys and 5 values 
20:36:47:351  INFO 24932 --- [main] org.reflections.Reflections              : Reflections took 7 ms to scan 1 urls, producing 1 keys and 7 values 
20:36:47:368  INFO 24932 --- [main] org.reflections.Reflections              : Reflections took 5 ms to scan 1 urls, producing 2 keys and 8 values 
20:36:47:369  WARN 24932 --- [main] org.reflections.Reflections              : given scan urls are empty. set urls in the configuration
20:36:47:370  INFO 24932 --- [main] com.alibaba.nacos.common.remote.client   : [fea754f4-b416-4b0b-b4b0-8a9ecfe409c3] RpcClient init label, labels = {module=naming, source=sdk}
20:36:47:371  INFO 24932 --- [main] com.alibaba.nacos.common.remote.client   : [fea754f4-b416-4b0b-b4b0-8a9ecfe409c3] RpcClient init, ServerListFactory = com.alibaba.nacos.client.naming.core.ServerListManager
20:36:47:371  INFO 24932 --- [main] com.alibaba.nacos.common.remote.client   : [fea754f4-b416-4b0b-b4b0-8a9ecfe409c3] Registry connection listener to current client:com.alibaba.nacos.client.naming.remote.gprc.redo.NamingGrpcRedoService
20:36:47:372  INFO 24932 --- [main] com.alibaba.nacos.common.remote.client   : [fea754f4-b416-4b0b-b4b0-8a9ecfe409c3] Register server push request handler:com.alibaba.nacos.client.naming.remote.gprc.NamingPushRequestHandler
20:36:47:373  INFO 24932 --- [main] com.alibaba.nacos.common.remote.client   : [fea754f4-b416-4b0b-b4b0-8a9ecfe409c3] Try to connect to server on start up, server: {serverIp = '192.168.88.130', server main port = 8848}
20:36:49:347  INFO 24932 --- [main] com.alibaba.nacos.common.remote.client   : [fea754f4-b416-4b0b-b4b0-8a9ecfe409c3] Success to connect to server [192.168.88.130:8848] on start up, connectionId = 1742300088035_192.168.88.1_34944
20:36:49:348  INFO 24932 --- [com.alibaba.nacos.client.remote.worker] com.alibaba.nacos.common.remote.client   : [fea754f4-b416-4b0b-b4b0-8a9ecfe409c3] Notify connected event to listeners.
20:36:49:349  INFO 24932 --- [main] com.alibaba.nacos.common.remote.client   : [fea754f4-b416-4b0b-b4b0-8a9ecfe409c3] Register server push request handler:com.alibaba.nacos.common.remote.client.RpcClient$ConnectResetRequestHandler
20:36:49:350  INFO 24932 --- [main] com.alibaba.nacos.common.remote.client   : [fea754f4-b416-4b0b-b4b0-8a9ecfe409c3] Register server push request handler:com.alibaba.nacos.common.remote.client.RpcClient$$Lambda$1071/0x0000000800785840
20:36:49:461  INFO 24932 --- [main] o.s.b.w.embedded.tomcat.TomcatWebServer  : Tomcat started on port(s): 8086 (http) with context path ''
20:36:49:474  INFO 24932 --- [main] c.a.c.n.registry.NacosServiceRegistry    : nacos registry, DEFAULT_GROUP pay-service 192.168.43.166:8086 register finished
20:36:49:886  INFO 24932 --- [nacos-grpc-client-executor-7] com.alibaba.nacos.common.remote.client   : [fea754f4-b416-4b0b-b4b0-8a9ecfe409c3] Receive server push request, request = NotifySubscriberRequest, requestId = 52
20:36:49:900  INFO 24932 --- [nacos-grpc-client-executor-7] com.alibaba.nacos.common.remote.client   : [fea754f4-b416-4b0b-b4b0-8a9ecfe409c3] Ack server push request, request = NotifySubscriberRequest, requestId = 52
20:36:50:030  INFO 24932 --- [main] d.s.w.p.DocumentationPluginsBootstrapper : Documentation plugins bootstrapped
20:36:50:033  INFO 24932 --- [main] d.s.w.p.DocumentationPluginsBootstrapper : Found 1 custom documentation plugin(s)
20:36:50:051  INFO 24932 --- [main] s.d.s.w.s.ApiListingReferenceScanner     : Scanning for api listing references
20:36:50:143  INFO 24932 --- [main] com.hmall.pay.PayApplication             : Started PayApplication in 9.999 seconds (JVM running for 10.893)
20:38:25:294  WARN 24932 --- [Thread-7] c.a.n.common.http.HttpClientBeanHolder   : [HttpClientBeanHolder] Start destroying common HttpClient
20:38:25:294  WARN 24932 --- [Thread-4] c.a.nacos.common.notify.NotifyCenter     : [NotifyCenter] Start destroying Publisher
20:38:25:295  WARN 24932 --- [Thread-4] c.a.nacos.common.notify.NotifyCenter     : [NotifyCenter] Destruction of the end
20:38:25:300  WARN 24932 --- [Thread-7] c.a.n.common.http.HttpClientBeanHolder   : [HttpClientBeanHolder] Destruction of the end
20:38:25:613  INFO 24932 --- [SpringApplicationShutdownHook] c.a.c.n.registry.NacosServiceRegistry    : De-registering from Nacos Server now...
20:38:25:619  INFO 24932 --- [SpringApplicationShutdownHook] c.a.c.n.registry.NacosServiceRegistry    : De-registration finished.
20:38:25:949  INFO 24932 --- [SpringApplicationShutdownHook] com.alibaba.nacos.common.remote.client   : Shutdown rpc client, set status to shutdown
20:38:25:949  INFO 24932 --- [SpringApplicationShutdownHook] com.alibaba.nacos.common.remote.client   : Shutdown client event executor java.util.concurrent.ScheduledThreadPoolExecutor@4e6ae9ec[Running, pool size = 2, active threads = 2, queued tasks = 0, completed tasks = 0]
20:38:25:949  INFO 24932 --- [SpringApplicationShutdownHook] com.alibaba.nacos.common.remote.client   : Close current connection 1742300088035_192.168.88.1_34944
20:38:25:952  INFO 24932 --- [nacos-grpc-client-executor-31] c.a.n.c.remote.client.grpc.GrpcClient    : [1742300088035_192.168.88.1_34944]Ignore complete event,isRunning:false,isAbandon=false
20:38:25:957  INFO 24932 --- [SpringApplicationShutdownHook] c.a.n.c.remote.client.grpc.GrpcClient    : Shutdown grpc executor java.util.concurrent.ThreadPoolExecutor@6d8ea512[Running, pool size = 5, active threads = 0, queued tasks = 0, completed tasks = 32]
20:38:31:009  INFO 12096 --- [main] com.hmall.pay.PayApplication             : Starting PayApplication using Java 11.0.26 on achildm with PID 12096 (D:\BaiduNetdiskDownload\SpringCloud微服务—资料\day02-Docker\资料\hmall\pay-service\target\classes started by 83752 in D:\BaiduNetdiskDownload\SpringCloud微服务—资料\day02-Docker\资料\hmall)
20:38:31:011 DEBUG 12096 --- [main] com.hmall.pay.PayApplication             : Running with Spring Boot v2.7.12, Spring v5.3.27
20:38:31:011  INFO 12096 --- [main] com.hmall.pay.PayApplication             : The following 1 profile is active: "local"
20:38:31:711  INFO 12096 --- [main] o.s.cloud.context.scope.GenericScope     : BeanFactory id=8c088ab3-1ad9-3e04-a378-c22c30160caa
20:38:31:978  INFO 12096 --- [main] o.s.b.w.embedded.tomcat.TomcatWebServer  : Tomcat initialized with port(s): 8086 (http)
20:38:31:986  INFO 12096 --- [main] o.apache.catalina.core.StandardService   : Starting service [Tomcat]
20:38:31:986  INFO 12096 --- [main] org.apache.catalina.core.StandardEngine  : Starting Servlet engine: [Apache Tomcat/9.0.75]
20:38:32:115  INFO 12096 --- [main] o.a.c.c.C.[Tomcat].[localhost].[/]       : Initializing Spring embedded WebApplicationContext
20:38:32:115  INFO 12096 --- [main] w.s.c.ServletWebServerApplicationContext : Root WebApplicationContext: initialization completed in 1075 ms
20:38:32:262  INFO 12096 --- [main] o.s.c.openfeign.FeignClientFactoryBean   : For 'user-service' URL not provided. Will try picking an instance via load-balancing.
20:38:32:300  INFO 12096 --- [main] o.s.c.openfeign.FeignClientFactoryBean   : For 'trade-service' URL not provided. Will try picking an instance via load-balancing.
20:38:33:970  INFO 12096 --- [main] pertySourcedRequestMappingHandlerMapping : Mapped URL path [/v2/api-docs] onto method [springfox.documentation.swagger2.web.Swagger2ControllerWebMvc#getDocumentation(String, HttpServletRequest)]
20:38:34:485  INFO 12096 --- [main] com.alibaba.nacos.common.remote.client   : [RpcClientFactory] create a new rpc client of 84c70979-1b67-486b-99e1-2baf3b1cdec1
20:38:34:511  INFO 12096 --- [main] org.reflections.Reflections              : Reflections took 15 ms to scan 1 urls, producing 3 keys and 6 values 
20:38:34:525  INFO 12096 --- [main] org.reflections.Reflections              : Reflections took 6 ms to scan 1 urls, producing 4 keys and 9 values 
20:38:34:530  INFO 12096 --- [main] org.reflections.Reflections              : Reflections took 4 ms to scan 1 urls, producing 3 keys and 10 values 
20:38:34:531  WARN 12096 --- [main] org.reflections.Reflections              : given scan urls are empty. set urls in the configuration
20:38:34:537  INFO 12096 --- [main] org.reflections.Reflections              : Reflections took 4 ms to scan 1 urls, producing 1 keys and 5 values 
20:38:34:542  INFO 12096 --- [main] org.reflections.Reflections              : Reflections took 4 ms to scan 1 urls, producing 1 keys and 7 values 
20:38:34:549  INFO 12096 --- [main] org.reflections.Reflections              : Reflections took 5 ms to scan 1 urls, producing 2 keys and 8 values 
20:38:34:550  WARN 12096 --- [main] org.reflections.Reflections              : given scan urls are empty. set urls in the configuration
20:38:34:559  INFO 12096 --- [main] com.alibaba.nacos.common.remote.client   : [84c70979-1b67-486b-99e1-2baf3b1cdec1] RpcClient init label, labels = {module=naming, source=sdk}
20:38:34:561  INFO 12096 --- [main] com.alibaba.nacos.common.remote.client   : [84c70979-1b67-486b-99e1-2baf3b1cdec1] RpcClient init, ServerListFactory = com.alibaba.nacos.client.naming.core.ServerListManager
20:38:34:561  INFO 12096 --- [main] com.alibaba.nacos.common.remote.client   : [84c70979-1b67-486b-99e1-2baf3b1cdec1] Registry connection listener to current client:com.alibaba.nacos.client.naming.remote.gprc.redo.NamingGrpcRedoService
20:38:34:561  INFO 12096 --- [main] com.alibaba.nacos.common.remote.client   : [84c70979-1b67-486b-99e1-2baf3b1cdec1] Register server push request handler:com.alibaba.nacos.client.naming.remote.gprc.NamingPushRequestHandler
20:38:34:563  INFO 12096 --- [main] com.alibaba.nacos.common.remote.client   : [84c70979-1b67-486b-99e1-2baf3b1cdec1] Try to connect to server on start up, server: {serverIp = '192.168.88.130', server main port = 8848}
20:38:35:995  INFO 12096 --- [main] com.alibaba.nacos.common.remote.client   : [84c70979-1b67-486b-99e1-2baf3b1cdec1] Success to connect to server [192.168.88.130:8848] on start up, connectionId = 1742300197311_192.168.88.1_35401
20:38:35:996  INFO 12096 --- [com.alibaba.nacos.client.remote.worker] com.alibaba.nacos.common.remote.client   : [84c70979-1b67-486b-99e1-2baf3b1cdec1] Notify connected event to listeners.
20:38:35:996  INFO 12096 --- [main] com.alibaba.nacos.common.remote.client   : [84c70979-1b67-486b-99e1-2baf3b1cdec1] Register server push request handler:com.alibaba.nacos.common.remote.client.RpcClient$ConnectResetRequestHandler
20:38:35:997  INFO 12096 --- [main] com.alibaba.nacos.common.remote.client   : [84c70979-1b67-486b-99e1-2baf3b1cdec1] Register server push request handler:com.alibaba.nacos.common.remote.client.RpcClient$$Lambda$1071/0x0000000800787c40
20:38:36:044  INFO 12096 --- [main] o.s.b.w.embedded.tomcat.TomcatWebServer  : Tomcat started on port(s): 8086 (http) with context path ''
20:38:36:053  INFO 12096 --- [main] c.a.c.n.registry.NacosServiceRegistry    : nacos registry, DEFAULT_GROUP pay-service 192.168.43.166:8086 register finished
20:38:36:413  INFO 12096 --- [main] d.s.w.p.DocumentationPluginsBootstrapper : Documentation plugins bootstrapped
20:38:36:414  INFO 12096 --- [main] d.s.w.p.DocumentationPluginsBootstrapper : Found 1 custom documentation plugin(s)
20:38:36:429  INFO 12096 --- [main] s.d.s.w.s.ApiListingReferenceScanner     : Scanning for api listing references
20:38:36:490  INFO 12096 --- [main] com.hmall.pay.PayApplication             : Started PayApplication in 6.404 seconds (JVM running for 7.238)
20:38:36:564  INFO 12096 --- [nacos-grpc-client-executor-8] com.alibaba.nacos.common.remote.client   : [84c70979-1b67-486b-99e1-2baf3b1cdec1] Receive server push request, request = NotifySubscriberRequest, requestId = 56
20:38:36:573  INFO 12096 --- [nacos-grpc-client-executor-8] com.alibaba.nacos.common.remote.client   : [84c70979-1b67-486b-99e1-2baf3b1cdec1] Ack server push request, request = NotifySubscriberRequest, requestId = 56
20:38:52:776  INFO 12096 --- [http-nio-8086-exec-1] o.a.c.c.C.[Tomcat].[localhost].[/]       : Initializing Spring DispatcherServlet 'dispatcherServlet'
20:38:52:780  INFO 12096 --- [http-nio-8086-exec-1] o.s.web.servlet.DispatcherServlet        : Initializing Servlet 'dispatcherServlet'
20:38:52:780  INFO 12096 --- [http-nio-8086-exec-1] o.s.web.servlet.DispatcherServlet        : Completed initialization in 0 ms
20:38:52:897  INFO 12096 --- [http-nio-8086-exec-1] com.zaxxer.hikari.HikariDataSource       : HikariPool-1 - Starting...
20:38:53:110  INFO 12096 --- [http-nio-8086-exec-1] com.zaxxer.hikari.HikariDataSource       : HikariPool-1 - Start completed.
20:38:53:116 DEBUG 12096 --- [http-nio-8086-exec-1] c.h.pay.mapper.PayOrderMapper.selectOne  : ==>  Preparing: SELECT id,biz_order_no,pay_order_no,biz_user_id,pay_channel_code,amount,pay_type,status,expand_json,result_code,result_msg,pay_success_time,pay_over_time,qr_code_url,create_time,update_time,creater,updater,is_delete FROM pay_order WHERE (biz_order_no = ?)
20:38:53:128 DEBUG 12096 --- [http-nio-8086-exec-1] c.h.pay.mapper.PayOrderMapper.selectOne  : ==> Parameters: 1901976593462763521(Long)
20:38:53:145 DEBUG 12096 --- [http-nio-8086-exec-1] c.h.pay.mapper.PayOrderMapper.selectOne  : <==      Total: 0
20:38:53:194 DEBUG 12096 --- [http-nio-8086-exec-1] c.h.pay.mapper.PayOrderMapper.insert     : ==>  Preparing: INSERT INTO pay_order ( id, biz_order_no, pay_order_no, biz_user_id, pay_channel_code, amount, pay_type, status, pay_over_time ) VALUES ( ?, ?, ?, ?, ?, ?, ?, ?, ? )
20:38:53:194 DEBUG 12096 --- [http-nio-8086-exec-1] c.h.pay.mapper.PayOrderMapper.insert     : ==> Parameters: 1901976600320442371(Long), 1901976593462763521(Long), 1901976600320442370(Long), 1(Long), balance(String), 429400(Integer), 5(Integer), 1(Integer), 2025-03-18T22:38:53.186892300(LocalDateTime)
20:38:53:198 DEBUG 12096 --- [http-nio-8086-exec-1] c.h.pay.mapper.PayOrderMapper.insert     : <==    Updates: 1
20:38:55:664 DEBUG 12096 --- [http-nio-8086-exec-6] c.h.p.mapper.PayOrderMapper.selectById   : ==>  Preparing: SELECT id,biz_order_no,pay_order_no,biz_user_id,pay_channel_code,amount,pay_type,status,expand_json,result_code,result_msg,pay_success_time,pay_over_time,qr_code_url,create_time,update_time,creater,updater,is_delete FROM pay_order WHERE id=?
20:38:55:664 DEBUG 12096 --- [http-nio-8086-exec-6] c.h.p.mapper.PayOrderMapper.selectById   : ==> Parameters: 1901976600320442371(Long)
20:38:55:670 DEBUG 12096 --- [http-nio-8086-exec-6] c.h.p.mapper.PayOrderMapper.selectById   : <==      Total: 1
20:38:55:672 DEBUG 12096 --- [http-nio-8086-exec-6] com.hmall.api.client.UserClient          : [UserClient#deductMoney] ---> PUT http://user-service/users/money/deduct?pw=123&amount=429400 HTTP/1.1
20:38:55:672 DEBUG 12096 --- [http-nio-8086-exec-6] com.hmall.api.client.UserClient          : [UserClient#deductMoney] user-info: 1
20:38:55:672 DEBUG 12096 --- [http-nio-8086-exec-6] com.hmall.api.client.UserClient          : [UserClient#deductMoney] ---> END HTTP (0-byte body)
20:38:55:955 DEBUG 12096 --- [http-nio-8086-exec-6] com.hmall.api.client.UserClient          : [UserClient#deductMoney] <--- HTTP/1.1 200 (282ms)
20:38:55:955 DEBUG 12096 --- [http-nio-8086-exec-6] com.hmall.api.client.UserClient          : [UserClient#deductMoney] connection: keep-alive
20:38:55:955 DEBUG 12096 --- [http-nio-8086-exec-6] com.hmall.api.client.UserClient          : [UserClient#deductMoney] content-length: 0
20:38:55:955 DEBUG 12096 --- [http-nio-8086-exec-6] com.hmall.api.client.UserClient          : [UserClient#deductMoney] date: Tue, 18 Mar 2025 12:38:55 GMT
20:38:55:955 DEBUG 12096 --- [http-nio-8086-exec-6] com.hmall.api.client.UserClient          : [UserClient#deductMoney] keep-alive: timeout=60
20:38:55:955 DEBUG 12096 --- [http-nio-8086-exec-6] com.hmall.api.client.UserClient          : [UserClient#deductMoney] 
20:38:55:957 DEBUG 12096 --- [http-nio-8086-exec-6] com.hmall.api.client.UserClient          : [UserClient#deductMoney] <--- END HTTP (0-byte body)
20:38:55:960 DEBUG 12096 --- [http-nio-8086-exec-6] c.h.pay.mapper.PayOrderMapper.update     : ==>  Preparing: UPDATE pay_order SET status=?,pay_success_time=? WHERE (id = ? AND status IN (?,?))
20:38:55:960 DEBUG 12096 --- [http-nio-8086-exec-6] c.h.pay.mapper.PayOrderMapper.update     : ==> Parameters: 3(Integer), 2025-03-18T20:38:55.957101400(LocalDateTime), 1901976600320442371(Long), 0(Integer), 1(Integer)
20:38:55:963 DEBUG 12096 --- [http-nio-8086-exec-6] c.h.pay.mapper.PayOrderMapper.update     : <==    Updates: 1
20:38:56:251  INFO 12096 --- [nacos-grpc-client-executor-14] com.alibaba.nacos.common.remote.client   : [84c70979-1b67-486b-99e1-2baf3b1cdec1] Receive server push request, request = NotifySubscriberRequest, requestId = 65
20:38:56:252  INFO 12096 --- [nacos-grpc-client-executor-14] com.alibaba.nacos.common.remote.client   : [84c70979-1b67-486b-99e1-2baf3b1cdec1] Ack server push request, request = NotifySubscriberRequest, requestId = 65
20:39:01:807 DEBUG 12096 --- [http-nio-8086-exec-3] c.h.pay.mapper.PayOrderMapper.selectOne  : ==>  Preparing: SELECT id,biz_order_no,pay_order_no,biz_user_id,pay_channel_code,amount,pay_type,status,expand_json,result_code,result_msg,pay_success_time,pay_over_time,qr_code_url,create_time,update_time,creater,updater,is_delete FROM pay_order WHERE (biz_order_no = ?)
20:39:01:807 DEBUG 12096 --- [http-nio-8086-exec-3] c.h.pay.mapper.PayOrderMapper.selectOne  : ==> Parameters: 1901976593462763521(Long)
20:39:01:825 DEBUG 12096 --- [http-nio-8086-exec-3] c.h.pay.mapper.PayOrderMapper.selectOne  : <==      Total: 1
20:48:45:597  INFO 12096 --- [nacos-grpc-client-executor-136] com.alibaba.nacos.common.remote.client   : [84c70979-1b67-486b-99e1-2baf3b1cdec1] Receive server push request, request = ClientDetectionRequest, requestId = 72
20:48:45:605  INFO 12096 --- [nacos-grpc-client-executor-136] com.alibaba.nacos.common.remote.client   : [84c70979-1b67-486b-99e1-2baf3b1cdec1] Ack server push request, request = ClientDetectionRequest, requestId = 72
20:49:02:180 DEBUG 12096 --- [http-nio-8086-exec-7] c.h.pay.mapper.PayOrderMapper.selectOne  : ==>  Preparing: SELECT id,biz_order_no,pay_order_no,biz_user_id,pay_channel_code,amount,pay_type,status,expand_json,result_code,result_msg,pay_success_time,pay_over_time,qr_code_url,create_time,update_time,creater,updater,is_delete FROM pay_order WHERE (biz_order_no = ?)
20:49:02:180 DEBUG 12096 --- [http-nio-8086-exec-7] c.h.pay.mapper.PayOrderMapper.selectOne  : ==> Parameters: 1901979153011613697(Long)
20:49:02:185 DEBUG 12096 --- [http-nio-8086-exec-7] c.h.pay.mapper.PayOrderMapper.selectOne  : <==      Total: 0
20:49:02:185 DEBUG 12096 --- [http-nio-8086-exec-7] c.h.pay.mapper.PayOrderMapper.insert     : ==>  Preparing: INSERT INTO pay_order ( id, biz_order_no, pay_order_no, biz_user_id, pay_channel_code, amount, pay_type, status, pay_over_time ) VALUES ( ?, ?, ?, ?, ?, ?, ?, ?, ? )
20:49:02:185 DEBUG 12096 --- [http-nio-8086-exec-7] c.h.pay.mapper.PayOrderMapper.insert     : ==> Parameters: 1901979154634801155(Long), 1901979153011613697(Long), 1901979154634801154(Long), 1(Long), balance(String), 632800(Integer), 5(Integer), 1(Integer), 2025-03-18T22:49:02.185184400(LocalDateTime)
20:49:02:191 DEBUG 12096 --- [http-nio-8086-exec-7] c.h.pay.mapper.PayOrderMapper.insert     : <==    Updates: 1
20:49:05:257 DEBUG 12096 --- [http-nio-8086-exec-4] c.h.p.mapper.PayOrderMapper.selectById   : ==>  Preparing: SELECT id,biz_order_no,pay_order_no,biz_user_id,pay_channel_code,amount,pay_type,status,expand_json,result_code,result_msg,pay_success_time,pay_over_time,qr_code_url,create_time,update_time,creater,updater,is_delete FROM pay_order WHERE id=?
20:49:05:260 DEBUG 12096 --- [http-nio-8086-exec-4] c.h.p.mapper.PayOrderMapper.selectById   : ==> Parameters: 1901979154634801155(Long)
20:49:05:260 DEBUG 12096 --- [http-nio-8086-exec-4] c.h.p.mapper.PayOrderMapper.selectById   : <==      Total: 1
20:49:05:264 DEBUG 12096 --- [http-nio-8086-exec-4] com.hmall.api.client.UserClient          : [UserClient#deductMoney] ---> PUT http://user-service/users/money/deduct?pw=123&amount=632800 HTTP/1.1
20:49:05:264 DEBUG 12096 --- [http-nio-8086-exec-4] com.hmall.api.client.UserClient          : [UserClient#deductMoney] user-info: 1
20:49:05:264 DEBUG 12096 --- [http-nio-8086-exec-4] com.hmall.api.client.UserClient          : [UserClient#deductMoney] ---> END HTTP (0-byte body)
20:49:05:377 DEBUG 12096 --- [http-nio-8086-exec-4] com.hmall.api.client.UserClient          : [UserClient#deductMoney] <--- HTTP/1.1 200 (113ms)
20:49:05:377 DEBUG 12096 --- [http-nio-8086-exec-4] com.hmall.api.client.UserClient          : [UserClient#deductMoney] connection: keep-alive
20:49:05:377 DEBUG 12096 --- [http-nio-8086-exec-4] com.hmall.api.client.UserClient          : [UserClient#deductMoney] content-length: 0
20:49:05:377 DEBUG 12096 --- [http-nio-8086-exec-4] com.hmall.api.client.UserClient          : [UserClient#deductMoney] date: Tue, 18 Mar 2025 12:49:05 GMT
20:49:05:377 DEBUG 12096 --- [http-nio-8086-exec-4] com.hmall.api.client.UserClient          : [UserClient#deductMoney] keep-alive: timeout=60
20:49:05:377 DEBUG 12096 --- [http-nio-8086-exec-4] com.hmall.api.client.UserClient          : [UserClient#deductMoney] 
20:49:05:377 DEBUG 12096 --- [http-nio-8086-exec-4] com.hmall.api.client.UserClient          : [UserClient#deductMoney] <--- END HTTP (0-byte body)
20:49:05:377 DEBUG 12096 --- [http-nio-8086-exec-4] c.h.pay.mapper.PayOrderMapper.update     : ==>  Preparing: UPDATE pay_order SET status=?,pay_success_time=? WHERE (id = ? AND status IN (?,?))
20:49:05:381 DEBUG 12096 --- [http-nio-8086-exec-4] c.h.pay.mapper.PayOrderMapper.update     : ==> Parameters: 3(Integer), 2025-03-18T20:49:05.377118100(LocalDateTime), 1901979154634801155(Long), 0(Integer), 1(Integer)
20:49:05:382 DEBUG 12096 --- [http-nio-8086-exec-4] c.h.pay.mapper.PayOrderMapper.update     : <==    Updates: 1
20:49:11:903 DEBUG 12096 --- [http-nio-8086-exec-9] c.h.pay.mapper.PayOrderMapper.selectOne  : ==>  Preparing: SELECT id,biz_order_no,pay_order_no,biz_user_id,pay_channel_code,amount,pay_type,status,expand_json,result_code,result_msg,pay_success_time,pay_over_time,qr_code_url,create_time,update_time,creater,updater,is_delete FROM pay_order WHERE (biz_order_no = ?)
20:49:11:903 DEBUG 12096 --- [http-nio-8086-exec-9] c.h.pay.mapper.PayOrderMapper.selectOne  : ==> Parameters: 1901979153011613697(Long)
20:49:11:908 DEBUG 12096 --- [http-nio-8086-exec-9] c.h.pay.mapper.PayOrderMapper.selectOne  : <==      Total: 1
20:50:10:184  WARN 12096 --- [Thread-4] c.a.nacos.common.notify.NotifyCenter     : [NotifyCenter] Start destroying Publisher
20:50:10:184  WARN 12096 --- [Thread-4] c.a.nacos.common.notify.NotifyCenter     : [NotifyCenter] Destruction of the end
20:50:10:184  WARN 12096 --- [Thread-7] c.a.n.common.http.HttpClientBeanHolder   : [HttpClientBeanHolder] Start destroying common HttpClient
20:50:10:186  WARN 12096 --- [Thread-7] c.a.n.common.http.HttpClientBeanHolder   : [HttpClientBeanHolder] Destruction of the end
20:50:10:969  INFO 12096 --- [SpringApplicationShutdownHook] c.a.c.n.registry.NacosServiceRegistry    : De-registering from Nacos Server now...
20:50:10:991  INFO 12096 --- [SpringApplicationShutdownHook] c.a.c.n.registry.NacosServiceRegistry    : De-registration finished.
20:50:11:320  INFO 12096 --- [SpringApplicationShutdownHook] com.alibaba.nacos.common.remote.client   : Shutdown rpc client, set status to shutdown
20:50:11:320  INFO 12096 --- [SpringApplicationShutdownHook] com.alibaba.nacos.common.remote.client   : Shutdown client event executor java.util.concurrent.ScheduledThreadPoolExecutor@26305769[Running, pool size = 2, active threads = 2, queued tasks = 0, completed tasks = 0]
20:50:11:320  INFO 12096 --- [SpringApplicationShutdownHook] com.alibaba.nacos.common.remote.client   : Close current connection 1742300197311_192.168.88.1_35401
20:50:11:324  INFO 12096 --- [nacos-grpc-client-executor-155] c.a.n.c.remote.client.grpc.GrpcClient    : [1742300197311_192.168.88.1_35401]Ignore complete event,isRunning:false,isAbandon=false
20:50:11:328  INFO 12096 --- [SpringApplicationShutdownHook] c.a.n.c.remote.client.grpc.GrpcClient    : Shutdown grpc executor java.util.concurrent.ThreadPoolExecutor@2d8a3798[Running, pool size = 4, active threads = 0, queued tasks = 0, completed tasks = 156]
20:50:11:333  INFO 12096 --- [SpringApplicationShutdownHook] com.zaxxer.hikari.HikariDataSource       : HikariPool-1 - Shutdown initiated...
20:50:11:372  INFO 12096 --- [SpringApplicationShutdownHook] com.zaxxer.hikari.HikariDataSource       : HikariPool-1 - Shutdown completed.
