15:11:38:557  INFO 13296 --- [main] com.hmall.user.UserApplication           : Starting UserApplication using Java 11.0.26 on achildm with PID 13296 (D:\BaiduNetdiskDownload\SpringCloud微服务—资料\day02-Docker\资料\hmall\user-service\target\classes started by 83752 in D:\BaiduNetdiskDownload\SpringCloud微服务—资料\day02-Docker\资料\hmall)
15:11:38:569 DEBUG 13296 --- [main] com.hmall.user.UserApplication           : Running with Spring Boot v2.7.12, Spring v5.3.27
15:11:38:570  INFO 13296 --- [main] com.hmall.user.UserApplication           : The following 1 profile is active: "local"
15:11:40:030  INFO 13296 --- [main] o.s.cloud.context.scope.GenericScope     : BeanFactory id=614f595d-d75f-30bd-926e-7a5705a5b048
15:11:40:565  INFO 13296 --- [main] o.s.b.w.embedded.tomcat.TomcatWebServer  : Tomcat initialized with port(s): 8084 (http)
15:11:40:579  INFO 13296 --- [main] o.apache.catalina.core.StandardService   : Starting service [Tomcat]
15:11:40:579  INFO 13296 --- [main] org.apache.catalina.core.StandardEngine  : Starting Servlet engine: [Apache Tomcat/9.0.75]
15:11:40:744  INFO 13296 --- [main] o.a.c.c.C.[Tomcat].[localhost].[/]       : Initializing Spring embedded WebApplicationContext
15:11:40:745  INFO 13296 --- [main] w.s.c.ServletWebServerApplicationContext : Root WebApplicationContext: initialization completed in 2113 ms
15:11:45:021  INFO 13296 --- [main] pertySourcedRequestMappingHandlerMapping : Mapped URL path [/v2/api-docs] onto method [springfox.documentation.swagger2.web.Swagger2ControllerWebMvc#getDocumentation(String, HttpServletRequest)]
15:11:47:559  INFO 13296 --- [main] com.alibaba.nacos.common.remote.client   : [RpcClientFactory] create a new rpc client of b22fcc6c-800a-41eb-a0c0-a10204fba80c
15:11:47:628  INFO 13296 --- [main] org.reflections.Reflections              : Reflections took 41 ms to scan 1 urls, producing 3 keys and 6 values 
15:11:47:710  INFO 13296 --- [main] org.reflections.Reflections              : Reflections took 41 ms to scan 1 urls, producing 4 keys and 9 values 
15:11:47:729  INFO 13296 --- [main] org.reflections.Reflections              : Reflections took 15 ms to scan 1 urls, producing 3 keys and 10 values 
15:11:47:736  WARN 13296 --- [main] org.reflections.Reflections              : given scan urls are empty. set urls in the configuration
15:11:47:766  INFO 13296 --- [main] org.reflections.Reflections              : Reflections took 30 ms to scan 1 urls, producing 1 keys and 5 values 
15:11:47:800  INFO 13296 --- [main] org.reflections.Reflections              : Reflections took 25 ms to scan 1 urls, producing 1 keys and 7 values 
15:11:47:815  INFO 13296 --- [main] org.reflections.Reflections              : Reflections took 11 ms to scan 1 urls, producing 2 keys and 8 values 
15:11:47:823  WARN 13296 --- [main] org.reflections.Reflections              : given scan urls are empty. set urls in the configuration
15:11:47:825  INFO 13296 --- [main] com.alibaba.nacos.common.remote.client   : [b22fcc6c-800a-41eb-a0c0-a10204fba80c] RpcClient init label, labels = {module=naming, source=sdk}
15:11:47:827  INFO 13296 --- [main] com.alibaba.nacos.common.remote.client   : [b22fcc6c-800a-41eb-a0c0-a10204fba80c] RpcClient init, ServerListFactory = com.alibaba.nacos.client.naming.core.ServerListManager
15:11:47:827  INFO 13296 --- [main] com.alibaba.nacos.common.remote.client   : [b22fcc6c-800a-41eb-a0c0-a10204fba80c] Registry connection listener to current client:com.alibaba.nacos.client.naming.remote.gprc.redo.NamingGrpcRedoService
15:11:47:828  INFO 13296 --- [main] com.alibaba.nacos.common.remote.client   : [b22fcc6c-800a-41eb-a0c0-a10204fba80c] Register server push request handler:com.alibaba.nacos.client.naming.remote.gprc.NamingPushRequestHandler
15:11:47:835  INFO 13296 --- [main] com.alibaba.nacos.common.remote.client   : [b22fcc6c-800a-41eb-a0c0-a10204fba80c] Try to connect to server on start up, server: {serverIp = '192.168.88.130', server main port = 8848}
15:11:51:938  INFO 13296 --- [main] com.alibaba.nacos.common.remote.client   : [b22fcc6c-800a-41eb-a0c0-a10204fba80c] Success to connect to server [192.168.88.130:8848] on start up, connectionId = 1742541110932_192.168.88.1_28638
15:11:51:939  INFO 13296 --- [com.alibaba.nacos.client.remote.worker] com.alibaba.nacos.common.remote.client   : [b22fcc6c-800a-41eb-a0c0-a10204fba80c] Notify connected event to listeners.
15:11:51:940  INFO 13296 --- [main] com.alibaba.nacos.common.remote.client   : [b22fcc6c-800a-41eb-a0c0-a10204fba80c] Register server push request handler:com.alibaba.nacos.common.remote.client.RpcClient$ConnectResetRequestHandler
15:11:51:941  INFO 13296 --- [main] com.alibaba.nacos.common.remote.client   : [b22fcc6c-800a-41eb-a0c0-a10204fba80c] Register server push request handler:com.alibaba.nacos.common.remote.client.RpcClient$$Lambda$1050/0x0000000800742440
15:11:52:142  INFO 13296 --- [main] o.s.b.w.embedded.tomcat.TomcatWebServer  : Tomcat started on port(s): 8084 (http) with context path ''
15:11:52:170  INFO 13296 --- [main] c.a.c.n.registry.NacosServiceRegistry    : nacos registry, DEFAULT_GROUP user-service 192.168.1.200:8084 register finished
15:11:52:596  INFO 13296 --- [nacos-grpc-client-executor-8] com.alibaba.nacos.common.remote.client   : [b22fcc6c-800a-41eb-a0c0-a10204fba80c] Receive server push request, request = NotifySubscriberRequest, requestId = 9
15:11:52:612  INFO 13296 --- [nacos-grpc-client-executor-8] com.alibaba.nacos.common.remote.client   : [b22fcc6c-800a-41eb-a0c0-a10204fba80c] Ack server push request, request = NotifySubscriberRequest, requestId = 9
15:11:53:276  INFO 13296 --- [main] d.s.w.p.DocumentationPluginsBootstrapper : Documentation plugins bootstrapped
15:11:53:279  INFO 13296 --- [main] d.s.w.p.DocumentationPluginsBootstrapper : Found 1 custom documentation plugin(s)
15:11:53:305  INFO 13296 --- [main] s.d.s.w.s.ApiListingReferenceScanner     : Scanning for api listing references
15:11:53:441  INFO 13296 --- [main] com.hmall.user.UserApplication           : Started UserApplication in 16.456 seconds (JVM running for 17.761)
16:11:39:157 ERROR 13296 --- [nacos-grpc-client-executor-689] c.a.n.c.remote.client.grpc.GrpcClient    : [1742541110932_192.168.88.1_28638]Request stream error, switch server,error={}

com.alibaba.nacos.shaded.io.grpc.StatusRuntimeException: UNAVAILABLE: io exception
	at com.alibaba.nacos.shaded.io.grpc.Status.asRuntimeException(Status.java:533) ~[nacos-client-2.0.4.jar:na]
	at com.alibaba.nacos.shaded.io.grpc.stub.ClientCalls$StreamObserverToCallListenerAdapter.onClose(ClientCalls.java:442) ~[nacos-client-2.0.4.jar:na]
	at com.alibaba.nacos.shaded.io.grpc.PartialForwardingClientCallListener.onClose(PartialForwardingClientCallListener.java:39) ~[nacos-client-2.0.4.jar:na]
	at com.alibaba.nacos.shaded.io.grpc.ForwardingClientCallListener.onClose(ForwardingClientCallListener.java:23) ~[nacos-client-2.0.4.jar:na]
	at com.alibaba.nacos.shaded.io.grpc.ForwardingClientCallListener$SimpleForwardingClientCallListener.onClose(ForwardingClientCallListener.java:40) ~[nacos-client-2.0.4.jar:na]
	at com.alibaba.nacos.shaded.io.grpc.internal.CensusStatsModule$StatsClientInterceptor$1$1.onClose(CensusStatsModule.java:700) ~[nacos-client-2.0.4.jar:na]
	at com.alibaba.nacos.shaded.io.grpc.PartialForwardingClientCallListener.onClose(PartialForwardingClientCallListener.java:39) ~[nacos-client-2.0.4.jar:na]
	at com.alibaba.nacos.shaded.io.grpc.ForwardingClientCallListener.onClose(ForwardingClientCallListener.java:23) ~[nacos-client-2.0.4.jar:na]
	at com.alibaba.nacos.shaded.io.grpc.ForwardingClientCallListener$SimpleForwardingClientCallListener.onClose(ForwardingClientCallListener.java:40) ~[nacos-client-2.0.4.jar:na]
	at com.alibaba.nacos.shaded.io.grpc.internal.CensusTracingModule$TracingClientInterceptor$1$1.onClose(CensusTracingModule.java:399) ~[nacos-client-2.0.4.jar:na]
	at com.alibaba.nacos.shaded.io.grpc.internal.ClientCallImpl.closeObserver(ClientCallImpl.java:510) ~[nacos-client-2.0.4.jar:na]
	at com.alibaba.nacos.shaded.io.grpc.internal.ClientCallImpl.access$300(ClientCallImpl.java:66) ~[nacos-client-2.0.4.jar:na]
	at com.alibaba.nacos.shaded.io.grpc.internal.ClientCallImpl$ClientStreamListenerImpl.close(ClientCallImpl.java:630) ~[nacos-client-2.0.4.jar:na]
	at com.alibaba.nacos.shaded.io.grpc.internal.ClientCallImpl$ClientStreamListenerImpl.access$700(ClientCallImpl.java:518) ~[nacos-client-2.0.4.jar:na]
	at com.alibaba.nacos.shaded.io.grpc.internal.ClientCallImpl$ClientStreamListenerImpl$1StreamClosed.runInternal(ClientCallImpl.java:692) ~[nacos-client-2.0.4.jar:na]
	at com.alibaba.nacos.shaded.io.grpc.internal.ClientCallImpl$ClientStreamListenerImpl$1StreamClosed.runInContext(ClientCallImpl.java:681) ~[nacos-client-2.0.4.jar:na]
	at com.alibaba.nacos.shaded.io.grpc.internal.ContextRunnable.run(ContextRunnable.java:37) ~[nacos-client-2.0.4.jar:na]
	at com.alibaba.nacos.shaded.io.grpc.internal.SerializingExecutor.run(SerializingExecutor.java:123) ~[nacos-client-2.0.4.jar:na]
	at java.base/java.util.concurrent.ThreadPoolExecutor.runWorker(ThreadPoolExecutor.java:1128) ~[na:na]
	at java.base/java.util.concurrent.ThreadPoolExecutor$Worker.run(ThreadPoolExecutor.java:628) ~[na:na]
	at java.base/java.lang.Thread.run(Thread.java:834) ~[na:na]
Caused by: java.io.IOException: 远程主机强迫关闭了一个现有的连接。
	at java.base/sun.nio.ch.SocketDispatcher.read0(Native Method) ~[na:na]
	at java.base/sun.nio.ch.SocketDispatcher.read(SocketDispatcher.java:43) ~[na:na]
	at java.base/sun.nio.ch.IOUtil.readIntoNativeBuffer(IOUtil.java:276) ~[na:na]
	at java.base/sun.nio.ch.IOUtil.read(IOUtil.java:233) ~[na:na]
	at java.base/sun.nio.ch.IOUtil.read(IOUtil.java:223) ~[na:na]
	at java.base/sun.nio.ch.SocketChannelImpl.read(SocketChannelImpl.java:358) ~[na:na]
	at com.alibaba.nacos.shaded.io.grpc.netty.shaded.io.netty.buffer.PooledByteBuf.setBytes(PooledByteBuf.java:247) ~[nacos-client-2.0.4.jar:na]
	at com.alibaba.nacos.shaded.io.grpc.netty.shaded.io.netty.buffer.AbstractByteBuf.writeBytes(AbstractByteBuf.java:1140) ~[nacos-client-2.0.4.jar:na]
	at com.alibaba.nacos.shaded.io.grpc.netty.shaded.io.netty.channel.socket.nio.NioSocketChannel.doReadBytes(NioSocketChannel.java:347) ~[nacos-client-2.0.4.jar:na]
	at com.alibaba.nacos.shaded.io.grpc.netty.shaded.io.netty.channel.nio.AbstractNioByteChannel$NioByteUnsafe.read(AbstractNioByteChannel.java:148) ~[nacos-client-2.0.4.jar:na]
	at com.alibaba.nacos.shaded.io.grpc.netty.shaded.io.netty.channel.nio.NioEventLoop.processSelectedKey(NioEventLoop.java:697) ~[nacos-client-2.0.4.jar:na]
	at com.alibaba.nacos.shaded.io.grpc.netty.shaded.io.netty.channel.nio.NioEventLoop.processSelectedKeysOptimized(NioEventLoop.java:632) ~[nacos-client-2.0.4.jar:na]
	at com.alibaba.nacos.shaded.io.grpc.netty.shaded.io.netty.channel.nio.NioEventLoop.processSelectedKeys(NioEventLoop.java:549) ~[nacos-client-2.0.4.jar:na]
	at com.alibaba.nacos.shaded.io.grpc.netty.shaded.io.netty.channel.nio.NioEventLoop.run(NioEventLoop.java:511) ~[nacos-client-2.0.4.jar:na]
	at com.alibaba.nacos.shaded.io.grpc.netty.shaded.io.netty.util.concurrent.SingleThreadEventExecutor$5.run(SingleThreadEventExecutor.java:918) ~[nacos-client-2.0.4.jar:na]
	at com.alibaba.nacos.shaded.io.grpc.netty.shaded.io.netty.util.internal.ThreadExecutorMap$2.run(ThreadExecutorMap.java:74) ~[nacos-client-2.0.4.jar:na]
	at com.alibaba.nacos.shaded.io.grpc.netty.shaded.io.netty.util.concurrent.FastThreadLocalRunnable.run(FastThreadLocalRunnable.java:30) ~[nacos-client-2.0.4.jar:na]
	... 1 common frames omitted

16:11:39:758  INFO 13296 --- [com.alibaba.nacos.client.remote.worker] com.alibaba.nacos.common.remote.client   : [b22fcc6c-800a-41eb-a0c0-a10204fba80c] Server healthy check fail, currentConnection = 1742541110932_192.168.88.1_28638
16:11:39:758  INFO 13296 --- [com.alibaba.nacos.client.remote.worker] com.alibaba.nacos.common.remote.client   : [b22fcc6c-800a-41eb-a0c0-a10204fba80c] Try to reconnect to a new server, server is  not appointed, will choose a random server.
16:11:39:961  INFO 13296 --- [com.alibaba.nacos.client.remote.worker] com.alibaba.nacos.common.remote.client   : [b22fcc6c-800a-41eb-a0c0-a10204fba80c] Success to connect a server [192.168.88.130:8848], connectionId = 1742544452885_192.168.88.1_32478
16:11:39:962  INFO 13296 --- [com.alibaba.nacos.client.remote.worker] com.alibaba.nacos.common.remote.client   : [b22fcc6c-800a-41eb-a0c0-a10204fba80c] Abandon prev connection, server is 192.168.88.130:8848, connectionId is 1742541110932_192.168.88.1_28638
16:11:39:964  INFO 13296 --- [com.alibaba.nacos.client.remote.worker] com.alibaba.nacos.common.remote.client   : Close current connection 1742541110932_192.168.88.1_28638
16:11:40:083  INFO 13296 --- [com.alibaba.nacos.client.remote.worker] com.alibaba.nacos.common.remote.client   : [b22fcc6c-800a-41eb-a0c0-a10204fba80c] Try to reconnect to a new server, server is  not appointed, will choose a random server.
16:11:40:087  INFO 13296 --- [com.alibaba.nacos.client.remote.worker] com.alibaba.nacos.common.remote.client   : [b22fcc6c-800a-41eb-a0c0-a10204fba80c] Notify disconnected event to listeners
16:11:40:160  INFO 13296 --- [com.alibaba.nacos.client.remote.worker] com.alibaba.nacos.common.remote.client   : [b22fcc6c-800a-41eb-a0c0-a10204fba80c] Notify connected event to listeners.
16:11:40:332  INFO 13296 --- [com.alibaba.nacos.client.remote.worker] com.alibaba.nacos.common.remote.client   : [b22fcc6c-800a-41eb-a0c0-a10204fba80c] Success to connect a server [192.168.88.130:8848], connectionId = 1742544453255_192.168.88.1_32485
16:11:40:332  INFO 13296 --- [com.alibaba.nacos.client.remote.worker] com.alibaba.nacos.common.remote.client   : [b22fcc6c-800a-41eb-a0c0-a10204fba80c] Abandon prev connection, server is 192.168.88.130:8848, connectionId is 1742544452885_192.168.88.1_32478
16:11:40:332  INFO 13296 --- [com.alibaba.nacos.client.remote.worker] com.alibaba.nacos.common.remote.client   : Close current connection 1742544452885_192.168.88.1_32478
16:11:40:338  INFO 13296 --- [nacos-grpc-client-executor-698] c.a.n.c.remote.client.grpc.GrpcClient    : [1742544452885_192.168.88.1_32478]Ignore complete event,isRunning:true,isAbandon=true
16:11:40:338  INFO 13296 --- [com.alibaba.nacos.client.remote.worker] com.alibaba.nacos.common.remote.client   : [b22fcc6c-800a-41eb-a0c0-a10204fba80c] Notify disconnected event to listeners
16:11:40:339  INFO 13296 --- [com.alibaba.nacos.client.remote.worker] com.alibaba.nacos.common.remote.client   : [b22fcc6c-800a-41eb-a0c0-a10204fba80c] Notify connected event to listeners.
16:11:41:431  INFO 13296 --- [nacos-grpc-client-executor-701] com.alibaba.nacos.common.remote.client   : [b22fcc6c-800a-41eb-a0c0-a10204fba80c] Receive server push request, request = NotifySubscriberRequest, requestId = 17
16:11:41:431  INFO 13296 --- [nacos-grpc-client-executor-701] com.alibaba.nacos.common.remote.client   : [b22fcc6c-800a-41eb-a0c0-a10204fba80c] Ack server push request, request = NotifySubscriberRequest, requestId = 17
16:11:47:452  WARN 13296 --- [Thread-4] c.a.nacos.common.notify.NotifyCenter     : [NotifyCenter] Start destroying Publisher
16:11:47:453  WARN 13296 --- [Thread-4] c.a.nacos.common.notify.NotifyCenter     : [NotifyCenter] Destruction of the end
16:11:47:453  WARN 13296 --- [Thread-7] c.a.n.common.http.HttpClientBeanHolder   : [HttpClientBeanHolder] Start destroying common HttpClient
16:11:47:455  WARN 13296 --- [Thread-7] c.a.n.common.http.HttpClientBeanHolder   : [HttpClientBeanHolder] Destruction of the end
16:11:47:871  INFO 13296 --- [SpringApplicationShutdownHook] c.a.c.n.registry.NacosServiceRegistry    : De-registering from Nacos Server now...
16:11:47:875  INFO 13296 --- [SpringApplicationShutdownHook] c.a.c.n.registry.NacosServiceRegistry    : De-registration finished.
16:11:47:888  INFO 13296 --- [SpringApplicationShutdownHook] com.alibaba.nacos.common.remote.client   : Shutdown rpc client, set status to shutdown
16:11:47:889  INFO 13296 --- [SpringApplicationShutdownHook] com.alibaba.nacos.common.remote.client   : Shutdown client event executor java.util.concurrent.ScheduledThreadPoolExecutor@3d081b39[Running, pool size = 2, active threads = 2, queued tasks = 0, completed tasks = 0]
16:11:47:889  INFO 13296 --- [SpringApplicationShutdownHook] com.alibaba.nacos.common.remote.client   : Close current connection 1742544453255_192.168.88.1_32485
16:11:47:892  INFO 13296 --- [SpringApplicationShutdownHook] c.a.n.c.remote.client.grpc.GrpcClient    : Shutdown grpc executor java.util.concurrent.ThreadPoolExecutor@4d7b930b[Running, pool size = 16, active threads = 1, queued tasks = 0, completed tasks = 704]
16:11:47:892  INFO 13296 --- [nacos-grpc-client-executor-704] c.a.n.c.remote.client.grpc.GrpcClient    : [1742544453255_192.168.88.1_32485]Ignore complete event,isRunning:false,isAbandon=false
18:23:07:745  INFO 26680 --- [main] com.hmall.user.UserApplication           : Starting UserApplication using Java 11.0.26 on achildm with PID 26680 (D:\BaiduNetdiskDownload\SpringCloud微服务—资料\day02-Docker\资料\hmall\user-service\target\classes started by 83752 in D:\BaiduNetdiskDownload\SpringCloud微服务—资料\day02-Docker\资料\hmall)
18:23:07:748 DEBUG 26680 --- [main] com.hmall.user.UserApplication           : Running with Spring Boot v2.7.12, Spring v5.3.27
18:23:07:748  INFO 26680 --- [main] com.hmall.user.UserApplication           : The following 1 profile is active: "local"
18:23:08:741  INFO 26680 --- [main] o.s.cloud.context.scope.GenericScope     : BeanFactory id=614f595d-d75f-30bd-926e-7a5705a5b048
18:23:09:100  INFO 26680 --- [main] o.s.b.w.embedded.tomcat.TomcatWebServer  : Tomcat initialized with port(s): 8084 (http)
18:23:09:111  INFO 26680 --- [main] o.apache.catalina.core.StandardService   : Starting service [Tomcat]
18:23:09:112  INFO 26680 --- [main] org.apache.catalina.core.StandardEngine  : Starting Servlet engine: [Apache Tomcat/9.0.75]
18:23:09:236  INFO 26680 --- [main] o.a.c.c.C.[Tomcat].[localhost].[/]       : Initializing Spring embedded WebApplicationContext
18:23:09:236  INFO 26680 --- [main] w.s.c.ServletWebServerApplicationContext : Root WebApplicationContext: initialization completed in 1440 ms
18:23:11:881  INFO 26680 --- [main] pertySourcedRequestMappingHandlerMapping : Mapped URL path [/v2/api-docs] onto method [springfox.documentation.swagger2.web.Swagger2ControllerWebMvc#getDocumentation(String, HttpServletRequest)]
18:23:12:419  INFO 26680 --- [main] com.alibaba.nacos.common.remote.client   : [RpcClientFactory] create a new rpc client of 5173eb5b-49b9-41a6-99ed-3ec4c4e656d7
18:23:12:441  INFO 26680 --- [main] org.reflections.Reflections              : Reflections took 13 ms to scan 1 urls, producing 3 keys and 6 values 
18:23:12:466  INFO 26680 --- [main] org.reflections.Reflections              : Reflections took 16 ms to scan 1 urls, producing 4 keys and 9 values 
18:23:12:474  INFO 26680 --- [main] org.reflections.Reflections              : Reflections took 6 ms to scan 1 urls, producing 3 keys and 10 values 
18:23:12:475  WARN 26680 --- [main] org.reflections.Reflections              : given scan urls are empty. set urls in the configuration
18:23:12:481  INFO 26680 --- [main] org.reflections.Reflections              : Reflections took 5 ms to scan 1 urls, producing 1 keys and 5 values 
18:23:12:488  INFO 26680 --- [main] org.reflections.Reflections              : Reflections took 6 ms to scan 1 urls, producing 1 keys and 7 values 
18:23:12:495  INFO 26680 --- [main] org.reflections.Reflections              : Reflections took 5 ms to scan 1 urls, producing 2 keys and 8 values 
18:23:12:496  WARN 26680 --- [main] org.reflections.Reflections              : given scan urls are empty. set urls in the configuration
18:23:12:497  INFO 26680 --- [main] com.alibaba.nacos.common.remote.client   : [5173eb5b-49b9-41a6-99ed-3ec4c4e656d7] RpcClient init label, labels = {module=naming, source=sdk}
18:23:12:498  INFO 26680 --- [main] com.alibaba.nacos.common.remote.client   : [5173eb5b-49b9-41a6-99ed-3ec4c4e656d7] RpcClient init, ServerListFactory = com.alibaba.nacos.client.naming.core.ServerListManager
18:23:12:498  INFO 26680 --- [main] com.alibaba.nacos.common.remote.client   : [5173eb5b-49b9-41a6-99ed-3ec4c4e656d7] Registry connection listener to current client:com.alibaba.nacos.client.naming.remote.gprc.redo.NamingGrpcRedoService
18:23:12:500  INFO 26680 --- [main] com.alibaba.nacos.common.remote.client   : [5173eb5b-49b9-41a6-99ed-3ec4c4e656d7] Register server push request handler:com.alibaba.nacos.client.naming.remote.gprc.NamingPushRequestHandler
18:23:12:501  INFO 26680 --- [main] com.alibaba.nacos.common.remote.client   : [5173eb5b-49b9-41a6-99ed-3ec4c4e656d7] Try to connect to server on start up, server: {serverIp = '192.168.88.130', server main port = 8848}
18:23:13:661  INFO 26680 --- [main] com.alibaba.nacos.common.remote.client   : [5173eb5b-49b9-41a6-99ed-3ec4c4e656d7] Success to connect to server [192.168.88.130:8848] on start up, connectionId = 1742552591455_192.168.88.1_35284
18:23:13:662  INFO 26680 --- [com.alibaba.nacos.client.remote.worker] com.alibaba.nacos.common.remote.client   : [5173eb5b-49b9-41a6-99ed-3ec4c4e656d7] Notify connected event to listeners.
18:23:13:662  INFO 26680 --- [main] com.alibaba.nacos.common.remote.client   : [5173eb5b-49b9-41a6-99ed-3ec4c4e656d7] Register server push request handler:com.alibaba.nacos.common.remote.client.RpcClient$ConnectResetRequestHandler
18:23:13:662  INFO 26680 --- [main] com.alibaba.nacos.common.remote.client   : [5173eb5b-49b9-41a6-99ed-3ec4c4e656d7] Register server push request handler:com.alibaba.nacos.common.remote.client.RpcClient$$Lambda$1049/0x000000080074cc40
18:23:13:712  INFO 26680 --- [main] o.s.b.w.embedded.tomcat.TomcatWebServer  : Tomcat started on port(s): 8084 (http) with context path ''
18:23:13:726  INFO 26680 --- [main] c.a.c.n.registry.NacosServiceRegistry    : nacos registry, DEFAULT_GROUP user-service 192.168.1.200:8084 register finished
18:23:14:127  INFO 26680 --- [main] d.s.w.p.DocumentationPluginsBootstrapper : Documentation plugins bootstrapped
18:23:14:129  INFO 26680 --- [main] d.s.w.p.DocumentationPluginsBootstrapper : Found 1 custom documentation plugin(s)
18:23:14:141  INFO 26680 --- [main] s.d.s.w.s.ApiListingReferenceScanner     : Scanning for api listing references
18:23:14:215  INFO 26680 --- [main] com.hmall.user.UserApplication           : Started UserApplication in 7.525 seconds (JVM running for 8.537)
18:23:14:227  INFO 26680 --- [nacos-grpc-client-executor-9] com.alibaba.nacos.common.remote.client   : [5173eb5b-49b9-41a6-99ed-3ec4c4e656d7] Receive server push request, request = NotifySubscriberRequest, requestId = 10
18:23:14:243  INFO 26680 --- [nacos-grpc-client-executor-9] com.alibaba.nacos.common.remote.client   : [5173eb5b-49b9-41a6-99ed-3ec4c4e656d7] Ack server push request, request = NotifySubscriberRequest, requestId = 10
20:20:32:353  WARN 26680 --- [Thread-7] c.a.n.common.http.HttpClientBeanHolder   : [HttpClientBeanHolder] Start destroying common HttpClient
20:20:32:327  WARN 26680 --- [Thread-4] c.a.nacos.common.notify.NotifyCenter     : [NotifyCenter] Start destroying Publisher
20:20:32:404  WARN 26680 --- [Thread-4] c.a.nacos.common.notify.NotifyCenter     : [NotifyCenter] Destruction of the end
20:20:32:423  WARN 26680 --- [Thread-7] c.a.n.common.http.HttpClientBeanHolder   : [HttpClientBeanHolder] Destruction of the end
20:20:33:238  INFO 26680 --- [SpringApplicationShutdownHook] c.a.c.n.registry.NacosServiceRegistry    : De-registering from Nacos Server now...
20:20:33:248  INFO 26680 --- [SpringApplicationShutdownHook] c.a.c.n.registry.NacosServiceRegistry    : De-registration finished.
20:20:33:587  INFO 26680 --- [SpringApplicationShutdownHook] com.alibaba.nacos.common.remote.client   : Shutdown rpc client, set status to shutdown
20:20:33:589  INFO 26680 --- [SpringApplicationShutdownHook] com.alibaba.nacos.common.remote.client   : Shutdown client event executor java.util.concurrent.ScheduledThreadPoolExecutor@711afa30[Running, pool size = 2, active threads = 2, queued tasks = 0, completed tasks = 0]
20:20:33:590  INFO 26680 --- [SpringApplicationShutdownHook] com.alibaba.nacos.common.remote.client   : Close current connection 1742552591455_192.168.88.1_35284
20:20:33:597  INFO 26680 --- [nacos-grpc-client-executor-1363] c.a.n.c.remote.client.grpc.GrpcClient    : [1742552591455_192.168.88.1_35284]Ignore complete event,isRunning:false,isAbandon=false
20:20:33:631  INFO 26680 --- [SpringApplicationShutdownHook] c.a.n.c.remote.client.grpc.GrpcClient    : Shutdown grpc executor java.util.concurrent.ThreadPoolExecutor@54bc012f[Running, pool size = 5, active threads = 0, queued tasks = 0, completed tasks = 1364]
